#
# There is insufficient memory for the Java Runtime Environment to continue.
# Native memory allocation (malloc) failed to allocate 32744 bytes for ChunkPool::allocate
# Possible reasons:
#   The system is out of physical RAM or swap space
#   In 32 bit mode, the process size limit was hit
# Possible solutions:
#   Reduce memory load on the system
#   Increase physical memory or swap space
#   Check if swap backing store is full
#   Use 64 bit Java on a 64 bit OS
#   Decrease Java heap size (-Xmx/-Xms)
#   Decrease number of Java threads
#   Decrease Java thread stack sizes (-Xss)
#   Set larger code cache with -XX:ReservedCodeCacheSize=
# This output file may be truncated or incomplete.
#
#  Out of Memory Error (allocation.cpp:273), pid=1624, tid=0x0000000000000910
#
# JRE version: Java(TM) SE Runtime Environment (8.0_172-b11) (build 1.8.0_172-b11)
# Java VM: Java HotSpot(TM) 64-Bit Server VM (25.172-b11 mixed mode windows-amd64 compressed oops)
# Failed to write core dump. Minidumps are not enabled by default on client versions of Windows
#

---------------  T H R E A D  ---------------

Current thread (0x000000001798c000):  JavaThread "C1 CompilerThread2" daemon [_thread_in_native, id=2320, stack(0x0000000019680000,0x0000000019780000)]

Stack: [0x0000000019680000,0x0000000019780000]
[error occurred during error reporting (printing stack bounds), id 0xc0000005]

Native frames: (J=compiled Java code, j=interpreted, Vv=VM code, C=native code)


Current CompileTask:
C1:1155510  819   !   3       java.io.PrintStream::write (66 bytes)


---------------  P R O C E S S  ---------------

Java Threads: ( => current thread )
  0x000000001a633800 JavaThread "Thread-11" [_thread_in_native, id=21368, stack(0x0000000019dc0000,0x0000000019ec0000)]
  0x0000000019199800 JavaThread "Thread-10" [_thread_in_native, id=12476, stack(0x0000000019980000,0x0000000019a80000)]
  0x0000000019187000 JavaThread "Thread-9" [_thread_in_native, id=5136, stack(0x0000000002960000,0x0000000002a60000)]
  0x0000000019311000 JavaThread "Thread-8" [_thread_in_native, id=21456, stack(0x00000000010c0000,0x00000000011c0000)]
  0x000000001798e800 JavaThread "Service Thread" daemon [_thread_blocked, id=16996, stack(0x0000000019780000,0x0000000019880000)]
=>0x000000001798c000 JavaThread "C1 CompilerThread2" daemon [_thread_in_native, id=2320, stack(0x0000000019680000,0x0000000019780000)]
  0x000000001798a000 JavaThread "C2 CompilerThread1" daemon [_thread_blocked, id=1592, stack(0x0000000019580000,0x0000000019680000)]
  0x0000000018ff8800 JavaThread "C2 CompilerThread0" daemon [_thread_blocked, id=3912, stack(0x0000000019480000,0x0000000019580000)]
  0x000000001903b800 JavaThread "Monitor Ctrl-Break" daemon [_thread_in_native, id=15280, stack(0x0000000019380000,0x0000000019480000)]
  0x000000001792d000 JavaThread "Attach Listener" daemon [_thread_blocked, id=628, stack(0x0000000018e80000,0x0000000018f80000)]
  0x000000001792c000 JavaThread "Signal Dispatcher" daemon [_thread_blocked, id=12496, stack(0x0000000018d80000,0x0000000018e80000)]
  0x0000000002e06800 JavaThread "Finalizer" daemon [_thread_blocked, id=2816, stack(0x0000000018b80000,0x0000000018c80000)]
  0x0000000002e03000 JavaThread "Reference Handler" daemon [_thread_blocked, id=2564, stack(0x0000000018a80000,0x0000000018b80000)]
  0x0000000002d13000 JavaThread "main" [_thread_in_native, id=17748, stack(0x0000000002a60000,0x0000000002b60000)]

Other Threads:
  0x00000000178f7800 VMThread [stack: 0x0000000018980000,0x0000000018a80000] [id=18232]
  0x0000000019107000 WatcherThread [stack: 0x0000000019880000,0x0000000019980000] [id=19736]

VM state:not at safepoint (normal execution)

VM Mutex/Monitor currently owned by a thread: None

Heap:
 PSYoungGen      total 38400K, used 26180K [0x00000000d5f80000, 0x00000000d8a00000, 0x0000000100000000)
  eden space 33280K, 78% used [0x00000000d5f80000,0x00000000d79111d8,0x00000000d8000000)
  from space 5120K, 0% used [0x00000000d8500000,0x00000000d8500000,0x00000000d8a00000)
  to   space 5120K, 0% used [0x00000000d8000000,0x00000000d8000000,0x00000000d8500000)
 ParOldGen       total 87552K, used 0K [0x0000000081e00000, 0x0000000087380000, 0x00000000d5f80000)
  object space 87552K, 0% used [0x0000000081e00000,0x0000000081e00000,0x0000000087380000)
 Metaspace       used 7385K, capacity 7628K, committed 7936K, reserved 1056768K
  class space    used 831K, capacity 940K, committed 1024K, reserved 1048576K

Card table byte_map: [0x00000000121d0000,0x00000000125d0000] byte_map_base: 0x0000000011dc1000

Marking Bits: (ParMarkBitMap*) 0x0000000050dc3c10
 Begin Bits: [0x0000000012c80000, 0x0000000014c08000)
 End Bits:   [0x0000000014c08000, 0x0000000016b90000)

Polling page: 0x0000000000f40000

CodeCache: size=245760Kb used=3306Kb max_used=3317Kb free=242453Kb
 bounds [0x0000000002e10000, 0x0000000003150000, 0x0000000011e10000]
 total_blobs=1146 nmethods=819 adapters=240
 compilation: enabled

Compilation events (10 events):
Event: 1150.549 Thread 0x000000001798c000  814       3       java.io.ObjectOutputStream$BlockDataOutputStream::writeInt (46 bytes)
Event: 1150.549 Thread 0x000000001798c000 nmethod 814 0x0000000003149e10 code [0x0000000003149f80, 0x000000000314a258]
Event: 1150.550 Thread 0x000000001798c000  816       3       java.io.ObjectOutputStream::writeClassDesc (60 bytes)
Event: 1150.550 Thread 0x000000001798c000 nmethod 816 0x000000000314a350 code [0x000000000314a560, 0x000000000314ac88]
Event: 1150.812 Thread 0x000000001798c000  817       3       java.io.ObjectInputStream$BlockDataInputStream::readUTFBody (156 bytes)
Event: 1150.812 Thread 0x0000000018ff8800  818       4       java.lang.StringBuilder::toString (17 bytes)
Event: 1150.813 Thread 0x000000001798c000 nmethod 817 0x000000000314b090 code [0x000000000314b280, 0x000000000314bc68]
Event: 1150.816 Thread 0x0000000018ff8800 nmethod 818 0x000000000314ef90 code [0x000000000314f0e0, 0x000000000314f458]
Event: 1155.509 Thread 0x000000001798c000  819   !   3       java.io.PrintStream::write (66 bytes)
Event: 1155.509 Thread 0x000000001798a000  820       4       java.io.PrintStream::ensureOpen (18 bytes)

GC Heap History (0 events):
No events

Deoptimization events (10 events):
Event: 532.547 Thread 0x0000000019311000 Uncommon trap: reason=class_check action=maybe_recompile pc=0x00000000030f9264 method=java.lang.reflect.Array.newInstance(Ljava/lang/Class;I)Ljava/lang/Object; @ 2
Event: 532.547 Thread 0x0000000019311000 Uncommon trap: reason=class_check action=maybe_recompile pc=0x00000000030f9264 method=java.lang.reflect.Array.newInstance(Ljava/lang/Class;I)Ljava/lang/Object; @ 2
Event: 761.543 Thread 0x0000000019311000 Uncommon trap: reason=unstable_if action=reinterpret pc=0x00000000030c0be0 method=java.io.ObjectInputStream$PeekInputStream.peek()I @ 32
Event: 762.544 Thread 0x00000000192c2800 Uncommon trap: reason=unstable_if action=reinterpret pc=0x00000000031005b0 method=java.io.ObjectInputStream.defaultReadFields(Ljava/lang/Object;Ljava/io/ObjectStreamClass;)V @ 39
Event: 762.656 Thread 0x00000000192c2800 Uncommon trap: reason=unstable_if action=reinterpret pc=0x0000000003091628 method=java.io.ObjectInputStream$HandleTable.assign(Ljava/lang/Object;)I @ 9
Event: 762.657 Thread 0x00000000192c2800 Uncommon trap: reason=unstable_if action=reinterpret pc=0x00000000030fd470 method=java.io.ObjectInputStream.defaultReadFields(Ljava/lang/Object;Ljava/io/ObjectStreamClass;)V @ 49
Event: 1147.656 Thread 0x00000000192c2800 Uncommon trap: reason=unstable_if action=reinterpret pc=0x000000000312eff0 method=java.lang.Math.min(JJ)J @ 3
Event: 1147.656 Thread 0x00000000192c2800 Uncommon trap: reason=unstable_if action=reinterpret pc=0x00000000030db584 method=java.io.ObjectInputStream$BlockDataInputStream.readUTFSpan(Ljava/lang/StringBuilder;J)J @ 35
Event: 1147.657 Thread 0x00000000192c2800 Uncommon trap: reason=unstable_if action=reinterpret pc=0x00000000030f55a0 method=java.io.BufferedOutputStream.write([BII)V @ 6
Event: 1148.861 Thread 0x0000000019199800 Uncommon trap: reason=unstable_if action=reinterpret pc=0x00000000030856f8 method=java.io.BufferedInputStream.read([BII)I @ 56

Classes redefined (0 events):
No events

Internal exceptions (10 events):
Event: 0.302 Thread 0x0000000002d13000 Exception <a 'java/security/PrivilegedActionException'> (0x00000000d63ae2e0) thrown at [C:\re\workspace\8-2-build-windows-amd64-cygwin\jdk8u172\10810\hotspot\src\share\vm\prims\jvm.cpp, line 1435]
Event: 0.302 Thread 0x0000000002d13000 Exception <a 'java/security/PrivilegedActionException'> (0x00000000d63b21f0) thrown at [C:\re\workspace\8-2-build-windows-amd64-cygwin\jdk8u172\10810\hotspot\src\share\vm\prims\jvm.cpp, line 1435]
Event: 0.302 Thread 0x0000000002d13000 Exception <a 'java/security/PrivilegedActionException'> (0x00000000d63b2400) thrown at [C:\re\workspace\8-2-build-windows-amd64-cygwin\jdk8u172\10810\hotspot\src\share\vm\prims\jvm.cpp, line 1435]
Event: 1.356 Thread 0x0000000019311000 Exception <a 'java/lang/NoSuchFieldError': method resolution failed> (0x00000000d6bd4888) thrown at [C:\re\workspace\8-2-build-windows-amd64-cygwin\jdk8u172\10810\hotspot\src\share\vm\prims\methodHandles.cpp, line 1167]
Event: 1.358 Thread 0x0000000019311000 Exception <a 'java/lang/NoSuchFieldError': method resolution failed> (0x00000000d6be2448) thrown at [C:\re\workspace\8-2-build-windows-amd64-cygwin\jdk8u172\10810\hotspot\src\share\vm\prims\methodHandles.cpp, line 1167]
Event: 1.414 Thread 0x0000000019311000 Exception <a 'java/lang/NoSuchMethodError': <clinit>> (0x00000000d6d0b100) thrown at [C:\re\workspace\8-2-build-windows-amd64-cygwin\jdk8u172\10810\hotspot\src\share\vm\prims\jni.cpp, line 1613]
Event: 1.480 Thread 0x0000000019311000 Exception <a 'java/lang/NoSuchMethodError': <clinit>> (0x00000000d6e266e8) thrown at [C:\re\workspace\8-2-build-windows-amd64-cygwin\jdk8u172\10810\hotspot\src\share\vm\prims\jni.cpp, line 1613]
Event: 762.099 Thread 0x0000000019187000 Exception <a 'java/net/SocketException': socket closed> (0x00000000d658d538) thrown at [C:\re\workspace\8-2-build-windows-amd64-cygwin\jdk8u172\10810\hotspot\src\share\vm\prims\jni.cpp, line 735]
Event: 762.544 Thread 0x00000000192c2800 Implicit null exception at 0x00000000030ff09d to 0x0000000003100579
Event: 1149.064 Thread 0x0000000019311000 Exception <a 'java/net/SocketException': socket closed> (0x00000000d7280ef8) thrown at [C:\re\workspace\8-2-build-windows-amd64-cygwin\jdk8u172\10810\hotspot\src\share\vm\prims\jni.cpp, line 735]

Events (10 events):
Event: 1149.221 Executing VM operation: RevokeBias done
Event: 1149.223 Executing VM operation: RevokeBias
Event: 1149.223 Executing VM operation: RevokeBias done
Event: 1149.224 Executing VM operation: RevokeBias
Event: 1149.224 Executing VM operation: RevokeBias done
Event: 1150.297 Thread 0x000000001a633800 Thread added: 0x000000001a633800
Event: 1150.299 Executing VM operation: RevokeBias
Event: 1150.299 Executing VM operation: RevokeBias done
Event: 1150.507 Executing VM operation: RevokeBias
Event: 1150.507 Executing VM operation: RevokeBias done


Dynamic libraries:
0x00007ff62d480000 - 0x00007ff62d4b7000 	C:\Program Files\Java\jdk1.8.0_172\bin\java.exe
0x00007ffbc4af0000 - 0x00007ffbc4ce5000 	C:\WINDOWS\SYSTEM32\ntdll.dll
0x00007ffbc3bc0000 - 0x00007ffbc3c7d000 	C:\WINDOWS\System32\KERNEL32.DLL
0x00007ffbc24e0000 - 0x00007ffbc27a9000 	C:\WINDOWS\System32\KERNELBASE.dll
0x00007ffbc3a00000 - 0x00007ffbc3aac000 	C:\WINDOWS\System32\ADVAPI32.dll
0x00007ffbc47d0000 - 0x00007ffbc486e000 	C:\WINDOWS\System32\msvcrt.dll
0x00007ffbc4a10000 - 0x00007ffbc4aac000 	C:\WINDOWS\System32\sechost.dll
0x00007ffbc3ed0000 - 0x00007ffbc3ffb000 	C:\WINDOWS\System32\RPCRT4.dll
0x00007ffbc3400000 - 0x00007ffbc35a0000 	C:\WINDOWS\System32\USER32.dll
0x00007ffbc27b0000 - 0x00007ffbc27d2000 	C:\WINDOWS\System32\win32u.dll
0x00007ffbc2c80000 - 0x00007ffbc2caa000 	C:\WINDOWS\System32\GDI32.dll
0x00007ffbc2940000 - 0x00007ffbc2a4b000 	C:\WINDOWS\System32\gdi32full.dll
0x00007ffbc2a50000 - 0x00007ffbc2aed000 	C:\WINDOWS\System32\msvcp_win.dll
0x00007ffbc23e0000 - 0x00007ffbc24e0000 	C:\WINDOWS\System32\ucrtbase.dll
0x00007ffbb4990000 - 0x00007ffbb4c2a000 	C:\WINDOWS\WinSxS\amd64_microsoft.windows.common-controls_6595b64144ccf1df_6.0.19041.844_none_ca00b6081b84eb1d\COMCTL32.dll
0x00007ffbc3b80000 - 0x00007ffbc3bb0000 	C:\WINDOWS\System32\IMM32.DLL
0x0000000050e50000 - 0x0000000050f22000 	C:\Program Files\Java\jdk1.8.0_172\jre\bin\msvcr100.dll
0x00000000505a0000 - 0x0000000050e43000 	C:\Program Files\Java\jdk1.8.0_172\jre\bin\server\jvm.dll
0x00007ffbc3600000 - 0x00007ffbc3608000 	C:\WINDOWS\System32\PSAPI.DLL
0x00007ffbab8f0000 - 0x00007ffbab8f9000 	C:\WINDOWS\SYSTEM32\WSOCK32.dll
0x00007ffbc4940000 - 0x00007ffbc49ab000 	C:\WINDOWS\System32\WS2_32.dll
0x00007ffbb51d0000 - 0x00007ffbb51f7000 	C:\WINDOWS\SYSTEM32\WINMM.dll
0x00007ffbb53b0000 - 0x00007ffbb53ba000 	C:\WINDOWS\SYSTEM32\VERSION.dll
0x0000000050590000 - 0x000000005059f000 	C:\Program Files\Java\jdk1.8.0_172\jre\bin\verify.dll
0x0000000050560000 - 0x0000000050589000 	C:\Program Files\Java\jdk1.8.0_172\jre\bin\java.dll
0x00000000504f0000 - 0x0000000050513000 	C:\Program Files\Java\jdk1.8.0_172\jre\bin\instrument.dll
0x0000000050540000 - 0x0000000050556000 	C:\Program Files\Java\jdk1.8.0_172\jre\bin\zip.dll
0x00007ffbc2cb0000 - 0x00007ffbc33f2000 	C:\WINDOWS\System32\SHELL32.dll
0x00007ffbc0370000 - 0x00007ffbc0b00000 	C:\WINDOWS\SYSTEM32\windows.storage.dll
0x00007ffbc4000000 - 0x00007ffbc4355000 	C:\WINDOWS\System32\combase.dll
0x00007ffbc1ca0000 - 0x00007ffbc1ccc000 	C:\WINDOWS\SYSTEM32\Wldp.dll
0x00007ffbc3950000 - 0x00007ffbc39fe000 	C:\WINDOWS\System32\SHCORE.dll
0x00007ffbc49b0000 - 0x00007ffbc4a05000 	C:\WINDOWS\System32\shlwapi.dll
0x00007ffbc2170000 - 0x00007ffbc218f000 	C:\WINDOWS\SYSTEM32\profapi.dll
0x00007ffbbd470000 - 0x00007ffbbd48a000 	C:\Program Files\JetBrains\IntelliJ IDEA Community Edition 2020.3.2\bin\breakgen64.dll
0x00000000504d0000 - 0x00000000504ea000 	C:\Program Files\Java\jdk1.8.0_172\jre\bin\net.dll
0x00007ffbc1a20000 - 0x00007ffbc1a8a000 	C:\WINDOWS\system32\mswsock.dll
0x00000000504b0000 - 0x00000000504c1000 	C:\Program Files\Java\jdk1.8.0_172\jre\bin\nio.dll
0x00007ffbc1bf0000 - 0x00007ffbc1c08000 	C:\WINDOWS\SYSTEM32\CRYPTSP.dll
0x00007ffbc1350000 - 0x00007ffbc1384000 	C:\WINDOWS\system32\rsaenh.dll
0x00007ffbc23b0000 - 0x00007ffbc23d7000 	C:\WINDOWS\System32\bcrypt.dll
0x00007ffbc2130000 - 0x00007ffbc215e000 	C:\WINDOWS\SYSTEM32\USERENV.dll
0x00007ffbc22e0000 - 0x00007ffbc2360000 	C:\WINDOWS\System32\bcryptprimitives.dll
0x00007ffbc1c10000 - 0x00007ffbc1c1c000 	C:\WINDOWS\SYSTEM32\CRYPTBASE.dll
0x00007ffbc16c0000 - 0x00007ffbc16fb000 	C:\WINDOWS\SYSTEM32\IPHLPAPI.DLL
0x00007ffbc3b70000 - 0x00007ffbc3b78000 	C:\WINDOWS\System32\NSI.dll
0x00007ffbb9050000 - 0x00007ffbb9067000 	C:\WINDOWS\SYSTEM32\dhcpcsvc6.DLL
0x00007ffbba4d0000 - 0x00007ffbba4ed000 	C:\WINDOWS\SYSTEM32\dhcpcsvc.DLL
0x00007ffbc1710000 - 0x00007ffbc17db000 	C:\WINDOWS\SYSTEM32\DNSAPI.dll

VM Arguments:
jvm_args: -javaagent:C:\Program Files\JetBrains\IntelliJ IDEA Community Edition 2020.3.2\lib\idea_rt.jar=64595:C:\Program Files\JetBrains\IntelliJ IDEA Community Edition 2020.3.2\bin -Dfile.encoding=UTF-8 
java_command: executables.BenchmarkRunnerClass
java_class_path (initial): C:\Program Files\Java\jdk1.8.0_172\jre\lib\charsets.jar;C:\Program Files\Java\jdk1.8.0_172\jre\lib\deploy.jar;C:\Program Files\Java\jdk1.8.0_172\jre\lib\ext\access-bridge-64.jar;C:\Program Files\Java\jdk1.8.0_172\jre\lib\ext\cldrdata.jar;C:\Program Files\Java\jdk1.8.0_172\jre\lib\ext\dnsns.jar;C:\Program Files\Java\jdk1.8.0_172\jre\lib\ext\jaccess.jar;C:\Program Files\Java\jdk1.8.0_172\jre\lib\ext\jfxrt.jar;C:\Program Files\Java\jdk1.8.0_172\jre\lib\ext\localedata.jar;C:\Program Files\Java\jdk1.8.0_172\jre\lib\ext\nashorn.jar;C:\Program Files\Java\jdk1.8.0_172\jre\lib\ext\sunec.jar;C:\Program Files\Java\jdk1.8.0_172\jre\lib\ext\sunjce_provider.jar;C:\Program Files\Java\jdk1.8.0_172\jre\lib\ext\sunmscapi.jar;C:\Program Files\Java\jdk1.8.0_172\jre\lib\ext\sunpkcs11.jar;C:\Program Files\Java\jdk1.8.0_172\jre\lib\ext\zipfs.jar;C:\Program Files\Java\jdk1.8.0_172\jre\lib\javaws.jar;C:\Program Files\Java\jdk1.8.0_172\jre\lib\jce.jar;C:\Program Files\Java\jdk1.8.0_172\jre\lib\jfr.jar;C:\Program Files\Java\jdk1.8.0_172\jre\lib\jfxswt.jar;C:\Program Files\Java\jdk1.8.0_172\jre\lib\jsse.jar;C:\Program Files\Java\jdk1.8.0_172\jre\lib\management-agent.jar;C:\Program Files\Java\jdk1.8.0_172\jre\lib\plugin.jar;C:\Program Files\Java\jdk1.8.0_172\jre\lib\resources.jar;C:\Program Files\Java\jdk1.8.0_172\jre\lib\rt.jar;C:\Users\Mungai\IdeaProjects\Britam-FAP\target\classes;D:\Software\selenium-java-3.141.59\client-combined-3.141.59.jar;D:\Software\selenium-java-3.141.59\libs\byte-buddy-1.8.15.jar;D:\Software\selenium-java-3.141.59\libs\commons-exec-1.3.jar;D:\Software\selenium-java-3.141.59\libs\guava-25.0-jre.jar;D:\Software\selenium-java-3.141.59\libs\okhttp-3.11.0.jar;D:\Software\selenium-java-3.141.59\libs\okio-1.14.0.jar;C:\Users\Mungai\.m2\repository\org\openjdk\jmh\jmh-core\1.28\jmh-core-1.28.jar;C:\Users\Mungai\.m2\repository\net\sf\jopt-simple\jopt-simple\4.6\jopt-simple-4.6.jar;C:\Users\Mungai\.m2\repository\org\apache\commons\commons-math3\3.2\c
Launcher Type: SUN_STANDARD

Environment Variables:
PATH=C:\Program Files (x86)\Common Files\Oracle\Java\javapath;C:\WINDOWS\system32;C:\WINDOWS;C:\WINDOWS\System32\Wbem;C:\WINDOWS\System32\WindowsPowerShell\v1.0\;C:\Python37;C:\Python37\Scripts\;C:\Program Files (x86)\Calibre2\;C:\WINDOWS\System32\OpenSSH\;C:\Users\Mungai\AppData\Local\Microsoft\WindowsApps;C:\Users\Mungai\AppData\Local\GitHubDesktop\bin;C:\Program Files\heroku\bin;%USERPROFILE%\AppData\Local\Microsoft\WindowsApps;
USERNAME=Mungai
OS=Windows_NT
PROCESSOR_IDENTIFIER=Intel64 Family 6 Model 142 Stepping 9, GenuineIntel



---------------  S Y S T E M  ---------------

OS: Windows 10.0 , 64 bit Build 19041 (10.0.19041.804)

CPU:total 4 (initial active 4) (2 cores per cpu, 2 threads per core) family 6 model 142 stepping 9, cmov, cx8, fxsr, mmx, sse, sse2, sse3, ssse3, sse4.1, sse4.2, popcnt, avx, avx2, aes, clmul, erms, 3dnowpref, lzcnt, ht, tsc, tscinvbit, bmi1, bmi2, adx

Memory: 4k page, physical 8258212k(190100k free), swap 15371988k(1824k free)

vm_info: Java HotSpot(TM) 64-Bit Server VM (25.172-b11) for windows-amd64 JRE (1.8.0_172-b11), built on Mar 28 2018 21:21:52 by "java_re" with MS VC++ 10.0 (VS2010)

time: Thu Mar 11 19:31:34 2021
elapsed time: 1155 seconds (0d 0h 19m 15s)

