#
# There is insufficient memory for the Java Runtime Environment to continue.
# Native memory allocation (malloc) failed to allocate 32744 bytes for ChunkPool::allocate
# Possible reasons:
#   The system is out of physical RAM or swap space
#   In 32 bit mode, the process size limit was hit
# Possible solutions:
#   Reduce memory load on the system
#   Increase physical memory or swap space
#   Check if swap backing store is full
#   Use 64 bit Java on a 64 bit OS
#   Decrease Java heap size (-Xmx/-Xms)
#   Decrease number of Java threads
#   Decrease Java thread stack sizes (-Xss)
#   Set larger code cache with -XX:ReservedCodeCacheSize=
# This output file may be truncated or incomplete.
#
#  Out of Memory Error (allocation.cpp:273), pid=17540, tid=0x0000000000003c6c
#
# JRE version: Java(TM) SE Runtime Environment (8.0_172-b11) (build 1.8.0_172-b11)
# Java VM: Java HotSpot(TM) 64-Bit Server VM (25.172-b11 mixed mode windows-amd64 compressed oops)
# Failed to write core dump. Minidumps are not enabled by default on client versions of Windows
#

---------------  T H R E A D  ---------------

Current thread (0x0000000019efb000):  JavaThread "executables.MainDriverClass.testLogin-jmh-worker-1" daemon [_thread_in_native, id=15468, stack(0x000000001a9e0000,0x000000001aae0000)]

Stack: [0x000000001a9e0000,0x000000001aae0000]
[error occurred during error reporting (printing stack bounds), id 0xc0000005]

Native frames: (J=compiled Java code, j=interpreted, Vv=VM code, C=native code)

Java frames: (J=compiled Java code, j=interpreted, Vv=VM code)
j  java.time.zone.ZoneRules.<clinit>()V+14
v  ~StubRoutines::call_stub
j  java.time.zone.Ser.readInternal(BLjava/io/DataInput;)Ljava/lang/Object;+29
j  java.time.zone.Ser.read(Ljava/io/DataInput;)Ljava/lang/Object;+9
j  java.time.zone.TzdbZoneRulesProvider.provideRules(Ljava/lang/String;Z)Ljava/time/zone/ZoneRules;+78
j  java.time.zone.ZoneRulesProvider.getRules(Ljava/lang/String;Z)Ljava/time/zone/ZoneRules;+13
j  java.time.ZoneRegion.ofId(Ljava/lang/String;Z)Ljava/time/ZoneRegion;+15
j  java.time.ZoneId.of(Ljava/lang/String;Z)Ljava/time/ZoneId;+81
j  java.time.ZoneId.of(Ljava/lang/String;)Ljava/time/ZoneId;+2
j  java.time.ZoneId.of(Ljava/lang/String;Ljava/util/Map;)Ljava/time/ZoneId;+36
j  java.util.TimeZone.toZoneId()Ljava/time/ZoneId;+68
j  java.time.ZoneId.systemDefault()Ljava/time/ZoneId;+3
j  java.time.Clock.systemDefaultZone()Ljava/time/Clock;+4
j  org.openqa.selenium.support.ui.WebDriverWait.<init>(Lorg/openqa/selenium/WebDriver;JJ)V+2
j  executables.MainDriverClass.initializeDriver()V+62
j  executables.jmh_generated.MainDriverClass_testLogin_jmhTest._jmh_tryInit_f_maindriverclass0_G(Lorg/openjdk/jmh/runner/InfraControl;)Lexecutables/jmh_generated/MainDriverClass_jmhType;+54
j  executables.jmh_generated.MainDriverClass_testLogin_jmhTest.testLogin_SampleTime(Lorg/openjdk/jmh/runner/InfraControl;Lorg/openjdk/jmh/infra/ThreadParams;)Lorg/openjdk/jmh/results/BenchmarkTaskResult;+66
v  ~StubRoutines::call_stub
j  sun.reflect.NativeMethodAccessorImpl.invoke0(Ljava/lang/reflect/Method;Ljava/lang/Object;[Ljava/lang/Object;)Ljava/lang/Object;+0
j  sun.reflect.NativeMethodAccessorImpl.invoke(Ljava/lang/Object;[Ljava/lang/Object;)Ljava/lang/Object;+100
j  sun.reflect.DelegatingMethodAccessorImpl.invoke(Ljava/lang/Object;[Ljava/lang/Object;)Ljava/lang/Object;+6
j  java.lang.reflect.Method.invoke(Ljava/lang/Object;[Ljava/lang/Object;)Ljava/lang/Object;+56
j  org.openjdk.jmh.runner.BenchmarkHandler$BenchmarkTask.call()Lorg/openjdk/jmh/results/BenchmarkTaskResult;+50
j  org.openjdk.jmh.runner.BenchmarkHandler$BenchmarkTask.call()Ljava/lang/Object;+1
j  java.util.concurrent.FutureTask.run()V+42
j  java.util.concurrent.Executors$RunnableAdapter.call()Ljava/lang/Object;+4
j  java.util.concurrent.FutureTask.run()V+42
j  java.util.concurrent.ThreadPoolExecutor.runWorker(Ljava/util/concurrent/ThreadPoolExecutor$Worker;)V+95
j  java.util.concurrent.ThreadPoolExecutor$Worker.run()V+5
j  java.lang.Thread.run()V+11
v  ~StubRoutines::call_stub

---------------  P R O C E S S  ---------------

Java Threads: ( => current thread )
  0x000000001a602000 JavaThread "Okio Watchdog" daemon [_thread_blocked, id=14128, stack(0x000000001b8e0000,0x000000001b9e0000)]
  0x000000001a601800 JavaThread "OkHttp ConnectionPool" daemon [_thread_blocked, id=19004, stack(0x000000001b7e0000,0x000000001b8e0000)]
  0x000000001a53c000 JavaThread "ForkJoinPool.commonPool-worker-1" daemon [_thread_blocked, id=20732, stack(0x000000001b4e0000,0x000000001b5e0000)]
  0x000000001a1d2800 JavaThread "Keep-Alive-Timer" daemon [_thread_blocked, id=9612, stack(0x000000001b1e0000,0x000000001b2e0000)]
  0x000000001a1bc000 JavaThread "Exec Stream Pumper" daemon [_thread_in_native, id=8760, stack(0x000000001afe0000,0x000000001b0e0000)]
  0x000000001a1bb800 JavaThread "Exec Stream Pumper" daemon [_thread_in_native, id=18124, stack(0x000000001aee0000,0x000000001afe0000)]
  0x000000001a1ba800 JavaThread "UrlChecker-2" daemon [_thread_blocked, id=16380, stack(0x000000001ade0000,0x000000001aee0000)]
  0x000000001a165000 JavaThread "Exec Default Executor" daemon [_thread_in_native, id=13560, stack(0x000000001ace0000,0x000000001ade0000)]
=>0x0000000019efb000 JavaThread "executables.MainDriverClass.testLogin-jmh-worker-1" daemon [_thread_in_native, id=15468, stack(0x000000001a9e0000,0x000000001aae0000)]
  0x00000000198e0000 JavaThread "Service Thread" daemon [_thread_blocked, id=18012, stack(0x0000000019ca0000,0x0000000019da0000)]
  0x0000000017f4d000 JavaThread "C1 CompilerThread2" daemon [_thread_blocked, id=15948, stack(0x00000000197a0000,0x00000000198a0000)]
  0x0000000017f44000 JavaThread "C2 CompilerThread1" daemon [_thread_blocked, id=15780, stack(0x00000000196a0000,0x00000000197a0000)]
  0x0000000017f3e000 JavaThread "C2 CompilerThread0" daemon [_thread_in_native, id=16888, stack(0x00000000195a0000,0x00000000196a0000)]
  0x0000000017f3c800 JavaThread "Attach Listener" daemon [_thread_blocked, id=1140, stack(0x00000000194a0000,0x00000000195a0000)]
  0x000000000331e800 JavaThread "Signal Dispatcher" daemon [_thread_blocked, id=10096, stack(0x00000000193a0000,0x00000000194a0000)]
  0x0000000003316000 JavaThread "Finalizer" daemon [_thread_blocked, id=17764, stack(0x00000000191a0000,0x00000000192a0000)]
  0x0000000017f2a000 JavaThread "Reference Handler" daemon [_thread_blocked, id=18932, stack(0x00000000190a0000,0x00000000191a0000)]
  0x0000000003223000 JavaThread "main" [_thread_blocked, id=20836, stack(0x0000000003020000,0x0000000003120000)]

Other Threads:
  0x0000000017f07800 VMThread [stack: 0x0000000018fa0000,0x00000000190a0000] [id=20092]
  0x00000000198e1800 WatcherThread [stack: 0x0000000019da0000,0x0000000019ea0000] [id=17368]

VM state:not at safepoint (normal execution)

VM Mutex/Monitor currently owned by a thread: None

Heap:
 PSYoungGen      total 611840K, used 125987K [0x00000000d5580000, 0x0000000100000000, 0x0000000100000000)
  eden space 524800K, 24% used [0x00000000d5580000,0x00000000dd088dd8,0x00000000f5600000)
  from space 87040K, 0% used [0x00000000fab00000,0x00000000fab00000,0x0000000100000000)
  to   space 87040K, 0% used [0x00000000f5600000,0x00000000f5600000,0x00000000fab00000)
 ParOldGen       total 1398272K, used 0K [0x0000000080000000, 0x00000000d5580000, 0x00000000d5580000)
  object space 1398272K, 0% used [0x0000000080000000,0x0000000080000000,0x00000000d5580000)
 Metaspace       used 14751K, capacity 15504K, committed 15616K, reserved 1062912K
  class space    used 1833K, capacity 2040K, committed 2048K, reserved 1048576K

Card table byte_map: [0x00000000126e0000,0x0000000012af0000] byte_map_base: 0x00000000122e0000

Marking Bits: (ParMarkBitMap*) 0x0000000050dc3c10
 Begin Bits: [0x00000000131a0000, 0x00000000151a0000)
 End Bits:   [0x00000000151a0000, 0x00000000171a0000)

Polling page: 0x0000000000ff0000

CodeCache: size=245760Kb used=5185Kb max_used=5185Kb free=240574Kb
 bounds [0x0000000003320000, 0x0000000003840000, 0x0000000012320000]
 total_blobs=1863 nmethods=1467 adapters=309
 compilation: enabled

Compilation events (10 events):
Event: 5.519 Thread 0x0000000017f4d000 nmethod 1463 0x0000000003830050 code [0x00000000038302a0, 0x00000000038312c8]
Event: 5.519 Thread 0x0000000017f4d000 1464       3       java.util.ArrayDeque::addFirst (53 bytes)
Event: 5.519 Thread 0x0000000017f4d000 nmethod 1464 0x0000000003831850 code [0x00000000038319e0, 0x0000000003831df8]
Event: 5.527 Thread 0x0000000017f3e000 1465       4       java.io.DataInputStream::readUTF (501 bytes)
Event: 5.529 Thread 0x0000000017f4d000 1466       1       java.util.Arrays$ArrayList::size (6 bytes)
Event: 5.529 Thread 0x0000000017f4d000 nmethod 1466 0x0000000003831f90 code [0x00000000038320e0, 0x00000000038321f0]
Event: 5.529 Thread 0x0000000017f4d000 1467       1       java.util.Arrays$ArrayList::get (7 bytes)
Event: 5.529 Thread 0x0000000017f4d000 nmethod 1467 0x0000000003832290 code [0x00000000038323e0, 0x0000000003832510]
Event: 5.531 Thread 0x0000000017f4d000 1468       3       sun.misc.URLClassPath::access$100 (7 bytes)
Event: 5.531 Thread 0x0000000017f4d000 nmethod 1468 0x00000000038325d0 code [0x0000000003832740, 0x00000000038328a8]

GC Heap History (0 events):
No events

Deoptimization events (10 events):
Event: 3.346 Thread 0x0000000019efb000 Uncommon trap: reason=class_check action=maybe_recompile pc=0x00000000036c3bc4 method=java.util.regex.Matcher.search(I)Z @ 86
Event: 3.346 Thread 0x0000000019efb000 Uncommon trap: reason=class_check action=maybe_recompile pc=0x00000000036c3bc4 method=java.util.regex.Matcher.search(I)Z @ 86
Event: 3.346 Thread 0x0000000019efb000 Uncommon trap: reason=class_check action=maybe_recompile pc=0x000000000367ac24 method=java.util.regex.Pattern$Curly.match(Ljava/util/regex/Matcher;ILjava/lang/CharSequence;)Z @ 19
Event: 3.369 Thread 0x0000000019efb000 Uncommon trap: reason=class_check action=maybe_recompile pc=0x000000000367ac24 method=java.util.regex.Pattern$Curly.match(Ljava/util/regex/Matcher;ILjava/lang/CharSequence;)Z @ 19
Event: 3.369 Thread 0x0000000019efb000 Uncommon trap: reason=class_check action=maybe_recompile pc=0x000000000367ac24 method=java.util.regex.Pattern$Curly.match(Ljava/util/regex/Matcher;ILjava/lang/CharSequence;)Z @ 19
Event: 3.434 Thread 0x0000000019efb000 Uncommon trap: reason=unstable_if action=reinterpret pc=0x0000000003775528 method=java.util.regex.Pattern$BmpCharProperty.match(Ljava/util/regex/Matcher;ILjava/lang/CharSequence;)Z @ 34
Event: 4.650 Thread 0x0000000019efb000 Uncommon trap: reason=class_check action=maybe_recompile pc=0x0000000003800184 method=org.openqa.selenium.json.Input.init()V @ 18
Event: 4.650 Thread 0x0000000019efb000 Uncommon trap: reason=class_check action=maybe_recompile pc=0x0000000003800184 method=org.openqa.selenium.json.Input.init()V @ 18
Event: 4.650 Thread 0x0000000019efb000 Uncommon trap: reason=class_check action=maybe_recompile pc=0x0000000003800184 method=org.openqa.selenium.json.Input.init()V @ 18
Event: 4.650 Thread 0x0000000019efb000 Uncommon trap: reason=class_check action=maybe_recompile pc=0x0000000003800184 method=org.openqa.selenium.json.Input.init()V @ 18

Classes redefined (0 events):
No events

Internal exceptions (10 events):
Event: 3.190 Thread 0x0000000019efb000 Exception <a 'java/lang/ArrayIndexOutOfBoundsException': 18> (0x00000000d7dddef8) thrown at [C:\re\workspace\8-2-build-windows-amd64-cygwin\jdk8u172\10810\hotspot\src\share\vm\interpreter\interpreterRuntime.cpp, line 366]
Event: 3.190 Thread 0x0000000019efb000 Exception <a 'java/lang/ArrayIndexOutOfBoundsException': 110> (0x00000000d7ddf778) thrown at [C:\re\workspace\8-2-build-windows-amd64-cygwin\jdk8u172\10810\hotspot\src\share\vm\interpreter\interpreterRuntime.cpp, line 366]
Event: 3.193 Thread 0x0000000019efb000 Exception <a 'java/lang/ArrayIndexOutOfBoundsException'> (0x00000000d7de0e20) thrown at [C:\re\workspace\8-2-build-windows-amd64-cygwin\jdk8u172\10810\hotspot\src\share\vm\runtime\sharedRuntime.cpp, line 605]
Event: 3.195 Thread 0x0000000019efb000 Exception <a 'java/lang/ArrayIndexOutOfBoundsException'> (0x00000000d7de21e0) thrown at [C:\re\workspace\8-2-build-windows-amd64-cygwin\jdk8u172\10810\hotspot\src\share\vm\runtime\sharedRuntime.cpp, line 605]
Event: 3.195 Thread 0x0000000019efb000 Exception <a 'java/lang/ArrayIndexOutOfBoundsException'> (0x00000000d7de3458) thrown at [C:\re\workspace\8-2-build-windows-amd64-cygwin\jdk8u172\10810\hotspot\src\share\vm\runtime\sharedRuntime.cpp, line 605]
Event: 3.195 Thread 0x0000000019efb000 Exception <a 'java/lang/ArrayIndexOutOfBoundsException'> (0x00000000d7de83f0) thrown at [C:\re\workspace\8-2-build-windows-amd64-cygwin\jdk8u172\10810\hotspot\src\share\vm\runtime\sharedRuntime.cpp, line 605]
Event: 3.196 Thread 0x0000000019efb000 Exception <a 'java/lang/ArrayIndexOutOfBoundsException'> (0x00000000d7deca48) thrown at [C:\re\workspace\8-2-build-windows-amd64-cygwin\jdk8u172\10810\hotspot\src\share\vm\runtime\sharedRuntime.cpp, line 605]
Event: 3.269 Thread 0x0000000019efb000 Exception <a 'java/lang/NoSuchMethodError': java.lang.Object.lambda$chars$0()Ljava/util/Spliterator$OfInt;> (0x00000000da8cafd8) thrown at [C:\re\workspace\8-2-build-windows-amd64-cygwin\jdk8u172\10810\hotspot\src\share\vm\interpreter\linkResolver.cpp, li
Event: 4.667 Thread 0x0000000019efb000 Exception <a 'java/lang/NoSuchMethodError': java.lang.Object.lambda$getResponseFunction$0(Lorg/openqa/selenium/remote/InitialHandshakeResponse;)Lorg/openqa/selenium/remote/ProtocolHandshake$Result;> (0x00000000dc653768) thrown at [C:\re\workspace\8-2-buil
Event: 4.746 Thread 0x0000000019efb000 Exception <a 'java/net/SocketTimeoutException': Read timed out> (0x00000000dc79e4b0) thrown at [C:\re\workspace\8-2-build-windows-amd64-cygwin\jdk8u172\10810\hotspot\src\share\vm\prims\jni.cpp, line 735]

Events (10 events):
Event: 5.523 loading class java/time/zone/ZoneRulesProvider$1 done
Event: 5.523 loading class java/time/zone/TzdbZoneRulesProvider
Event: 5.524 loading class java/time/zone/TzdbZoneRulesProvider done
Event: 5.531 loading class java/time/zone/Ser
Event: 5.531 loading class java/time/zone/Ser done
Event: 5.531 loading class java/time/zone/ZoneRules
Event: 5.532 loading class java/time/zone/ZoneRules done
Event: 5.532 loading class java/time/zone/ZoneOffsetTransitionRule
Event: 5.533 loading class java/time/zone/ZoneOffsetTransitionRule done
Event: 5.533 loading class java/time/LocalDateTime


Dynamic libraries:
0x00007ff6894a0000 - 0x00007ff6894d7000 	C:\Program Files\Java\jdk1.8.0_172\jre\bin\java.exe
0x00007ffbc4af0000 - 0x00007ffbc4ce5000 	C:\WINDOWS\SYSTEM32\ntdll.dll
0x00007ffbc3bc0000 - 0x00007ffbc3c7d000 	C:\WINDOWS\System32\KERNEL32.DLL
0x00007ffbc24e0000 - 0x00007ffbc27a9000 	C:\WINDOWS\System32\KERNELBASE.dll
0x00007ffbc3a00000 - 0x00007ffbc3aac000 	C:\WINDOWS\System32\ADVAPI32.dll
0x00007ffbc47d0000 - 0x00007ffbc486e000 	C:\WINDOWS\System32\msvcrt.dll
0x00007ffbc4a10000 - 0x00007ffbc4aac000 	C:\WINDOWS\System32\sechost.dll
0x00007ffbc3ed0000 - 0x00007ffbc3ffb000 	C:\WINDOWS\System32\RPCRT4.dll
0x00007ffbc3400000 - 0x00007ffbc35a0000 	C:\WINDOWS\System32\USER32.dll
0x00007ffbc27b0000 - 0x00007ffbc27d2000 	C:\WINDOWS\System32\win32u.dll
0x00007ffbc2c80000 - 0x00007ffbc2caa000 	C:\WINDOWS\System32\GDI32.dll
0x00007ffbc2940000 - 0x00007ffbc2a4b000 	C:\WINDOWS\System32\gdi32full.dll
0x00007ffbc2a50000 - 0x00007ffbc2aed000 	C:\WINDOWS\System32\msvcp_win.dll
0x00007ffbc23e0000 - 0x00007ffbc24e0000 	C:\WINDOWS\System32\ucrtbase.dll
0x00007ffbb4990000 - 0x00007ffbb4c2a000 	C:\WINDOWS\WinSxS\amd64_microsoft.windows.common-controls_6595b64144ccf1df_6.0.19041.844_none_ca00b6081b84eb1d\COMCTL32.dll
0x00007ffbc3b80000 - 0x00007ffbc3bb0000 	C:\WINDOWS\System32\IMM32.DLL
0x0000000050e50000 - 0x0000000050f22000 	C:\Program Files\Java\jdk1.8.0_172\jre\bin\msvcr100.dll
0x00000000505a0000 - 0x0000000050e43000 	C:\Program Files\Java\jdk1.8.0_172\jre\bin\server\jvm.dll
0x00007ffbc3600000 - 0x00007ffbc3608000 	C:\WINDOWS\System32\PSAPI.DLL
0x00007ffbab8f0000 - 0x00007ffbab8f9000 	C:\WINDOWS\SYSTEM32\WSOCK32.dll
0x00007ffbc4940000 - 0x00007ffbc49ab000 	C:\WINDOWS\System32\WS2_32.dll
0x00007ffbb51d0000 - 0x00007ffbb51f7000 	C:\WINDOWS\SYSTEM32\WINMM.dll
0x00007ffbb53b0000 - 0x00007ffbb53ba000 	C:\WINDOWS\SYSTEM32\VERSION.dll
0x0000000050590000 - 0x000000005059f000 	C:\Program Files\Java\jdk1.8.0_172\jre\bin\verify.dll
0x0000000050560000 - 0x0000000050589000 	C:\Program Files\Java\jdk1.8.0_172\jre\bin\java.dll
0x0000000050540000 - 0x0000000050556000 	C:\Program Files\Java\jdk1.8.0_172\jre\bin\zip.dll
0x00007ffbc2cb0000 - 0x00007ffbc33f2000 	C:\WINDOWS\System32\SHELL32.dll
0x00007ffbc0370000 - 0x00007ffbc0b00000 	C:\WINDOWS\SYSTEM32\windows.storage.dll
0x00007ffbc4000000 - 0x00007ffbc4355000 	C:\WINDOWS\System32\combase.dll
0x00007ffbc1ca0000 - 0x00007ffbc1ccc000 	C:\WINDOWS\SYSTEM32\Wldp.dll
0x00007ffbc3950000 - 0x00007ffbc39fe000 	C:\WINDOWS\System32\SHCORE.dll
0x00007ffbc49b0000 - 0x00007ffbc4a05000 	C:\WINDOWS\System32\shlwapi.dll
0x00007ffbc2170000 - 0x00007ffbc218f000 	C:\WINDOWS\SYSTEM32\profapi.dll
0x00000000504d0000 - 0x00000000504ea000 	C:\Program Files\Java\jdk1.8.0_172\jre\bin\net.dll
0x00007ffbc1a20000 - 0x00007ffbc1a8a000 	C:\WINDOWS\system32\mswsock.dll
0x00000000504a0000 - 0x00000000504ad000 	C:\Program Files\Java\jdk1.8.0_172\jre\bin\management.dll
0x00007ffb9f880000 - 0x00007ffb9f897000 	C:\WINDOWS\system32\napinsp.dll
0x00007ffb9f860000 - 0x00007ffb9f87b000 	C:\WINDOWS\system32\pnrpnsp.dll
0x00007ffb9f9f0000 - 0x00007ffb9fa05000 	C:\WINDOWS\system32\wshbth.dll
0x00007ffbbd430000 - 0x00007ffbbd44d000 	C:\WINDOWS\system32\NLAapi.dll
0x00007ffbc16c0000 - 0x00007ffbc16fb000 	C:\WINDOWS\SYSTEM32\IPHLPAPI.DLL
0x00007ffbc1710000 - 0x00007ffbc17db000 	C:\WINDOWS\SYSTEM32\DNSAPI.dll
0x00007ffbc3b70000 - 0x00007ffbc3b78000 	C:\WINDOWS\System32\NSI.dll
0x00007ffb9f840000 - 0x00007ffb9f852000 	C:\WINDOWS\System32\winrnr.dll
0x00007ffbb4150000 - 0x00007ffbb415a000 	C:\Windows\System32\rasadhlp.dll
0x00007ffbb46f0000 - 0x00007ffbb476f000 	C:\WINDOWS\System32\fwpuclnt.dll
0x00007ffbc23b0000 - 0x00007ffbc23d7000 	C:\WINDOWS\System32\bcrypt.dll
0x0000000050470000 - 0x0000000050494000 	C:\Program Files\Java\jdk1.8.0_172\jre\bin\sunec.dll
0x0000000050460000 - 0x000000005046b000 	C:\Program Files\Java\jdk1.8.0_172\jre\bin\sunmscapi.dll
0x00007ffbc27e0000 - 0x00007ffbc293f000 	C:\WINDOWS\System32\CRYPT32.dll
0x00007ffbb9050000 - 0x00007ffbb9067000 	C:\WINDOWS\SYSTEM32\dhcpcsvc6.DLL
0x00007ffbba4d0000 - 0x00007ffbba4ed000 	C:\WINDOWS\SYSTEM32\dhcpcsvc.DLL
0x00000000504b0000 - 0x00000000504c1000 	C:\Program Files\Java\jdk1.8.0_172\jre\bin\nio.dll
0x00007ffbc1bf0000 - 0x00007ffbc1c08000 	C:\WINDOWS\SYSTEM32\CRYPTSP.dll
0x00007ffbc1350000 - 0x00007ffbc1384000 	C:\WINDOWS\system32\rsaenh.dll
0x00007ffbc2130000 - 0x00007ffbc215e000 	C:\WINDOWS\SYSTEM32\USERENV.dll
0x00007ffbc22e0000 - 0x00007ffbc2360000 	C:\WINDOWS\System32\bcryptprimitives.dll
0x00007ffbc1c10000 - 0x00007ffbc1c1c000 	C:\WINDOWS\SYSTEM32\CRYPTBASE.dll

VM Arguments:
jvm_args: -Xms2G -Xmx2G -XX:CompileCommandFile=C:\Users\Mungai\AppData\Local\Temp\jmh9342354719495368compilecommand 
java_command: org.openjdk.jmh.runner.ForkedMain 127.0.0.1 49966
java_class_path (initial): C:\Program Files\Java\jdk1.8.0_172\jre\lib\charsets.jar;C:\Program Files\Java\jdk1.8.0_172\jre\lib\deploy.jar;C:\Program Files\Java\jdk1.8.0_172\jre\lib\ext\access-bridge-64.jar;C:\Program Files\Java\jdk1.8.0_172\jre\lib\ext\cldrdata.jar;C:\Program Files\Java\jdk1.8.0_172\jre\lib\ext\dnsns.jar;C:\Program Files\Java\jdk1.8.0_172\jre\lib\ext\jaccess.jar;C:\Program Files\Java\jdk1.8.0_172\jre\lib\ext\jfxrt.jar;C:\Program Files\Java\jdk1.8.0_172\jre\lib\ext\localedata.jar;C:\Program Files\Java\jdk1.8.0_172\jre\lib\ext\nashorn.jar;C:\Program Files\Java\jdk1.8.0_172\jre\lib\ext\sunec.jar;C:\Program Files\Java\jdk1.8.0_172\jre\lib\ext\sunjce_provider.jar;C:\Program Files\Java\jdk1.8.0_172\jre\lib\ext\sunmscapi.jar;C:\Program Files\Java\jdk1.8.0_172\jre\lib\ext\sunpkcs11.jar;C:\Program Files\Java\jdk1.8.0_172\jre\lib\ext\zipfs.jar;C:\Program Files\Java\jdk1.8.0_172\jre\lib\javaws.jar;C:\Program Files\Java\jdk1.8.0_172\jre\lib\jce.jar;C:\Program Files\Java\jdk1.8.0_172\jre\lib\jfr.jar;C:\Program Files\Java\jdk1.8.0_172\jre\lib\jfxswt.jar;C:\Program Files\Java\jdk1.8.0_172\jre\lib\jsse.jar;C:\Program Files\Java\jdk1.8.0_172\jre\lib\management-agent.jar;C:\Program Files\Java\jdk1.8.0_172\jre\lib\plugin.jar;C:\Program Files\Java\jdk1.8.0_172\jre\lib\resources.jar;C:\Program Files\Java\jdk1.8.0_172\jre\lib\rt.jar;C:\Users\Mungai\IdeaProjects\Britam-FAP\target\classes;D:\Software\selenium-java-3.141.59\client-combined-3.141.59.jar;D:\Software\selenium-java-3.141.59\libs\byte-buddy-1.8.15.jar;D:\Software\selenium-java-3.141.59\libs\commons-exec-1.3.jar;D:\Software\selenium-java-3.141.59\libs\guava-25.0-jre.jar;D:\Software\selenium-java-3.141.59\libs\okhttp-3.11.0.jar;D:\Software\selenium-java-3.141.59\libs\okio-1.14.0.jar;C:\Users\Mungai\.m2\repository\org\openjdk\jmh\jmh-core\1.28\jmh-core-1.28.jar;C:\Users\Mungai\.m2\repository\net\sf\jopt-simple\jopt-simple\4.6\jopt-simple-4.6.jar;C:\Users\Mungai\.m2\repository\org\apache\commons\commons-math3\3.2\c
Launcher Type: SUN_STANDARD

Environment Variables:
PATH=C:\Program Files (x86)\Common Files\Oracle\Java\javapath;C:\WINDOWS\system32;C:\WINDOWS;C:\WINDOWS\System32\Wbem;C:\WINDOWS\System32\WindowsPowerShell\v1.0\;C:\Python37;C:\Python37\Scripts\;C:\Program Files (x86)\Calibre2\;C:\WINDOWS\System32\OpenSSH\;C:\Users\Mungai\AppData\Local\Microsoft\WindowsApps;C:\Users\Mungai\AppData\Local\GitHubDesktop\bin;C:\Program Files\heroku\bin;%USERPROFILE%\AppData\Local\Microsoft\WindowsApps;
USERNAME=Mungai
OS=Windows_NT
PROCESSOR_IDENTIFIER=Intel64 Family 6 Model 142 Stepping 9, GenuineIntel



---------------  S Y S T E M  ---------------

OS: Windows 10.0 , 64 bit Build 19041 (10.0.19041.804)

CPU:total 4 (initial active 4) (2 cores per cpu, 2 threads per core) family 6 model 142 stepping 9, cmov, cx8, fxsr, mmx, sse, sse2, sse3, ssse3, sse4.1, sse4.2, popcnt, avx, avx2, aes, clmul, erms, 3dnowpref, lzcnt, ht, tsc, tscinvbit, bmi1, bmi2, adx

Memory: 4k page, physical 8258212k(188256k free), swap 15371988k(460k free)

vm_info: Java HotSpot(TM) 64-Bit Server VM (25.172-b11) for windows-amd64 JRE (1.8.0_172-b11), built on Mar 28 2018 21:21:52 by "java_re" with MS VC++ 10.0 (VS2010)

time: Thu Mar 11 19:31:34 2021
elapsed time: 5 seconds (0d 0h 0m 5s)

