#
# There is insufficient memory for the Java Runtime Environment to continue.
# Native memory allocation (malloc) failed to allocate 32784 bytes for Chunk::new
# Possible reasons:
#   The system is out of physical RAM or swap space
#   In 32 bit mode, the process size limit was hit
# Possible solutions:
#   Reduce memory load on the system
#   Increase physical memory or swap space
#   Check if swap backing store is full
#   Use 64 bit Java on a 64 bit OS
#   Decrease Java heap size (-Xmx/-Xms)
#   Decrease number of Java threads
#   Decrease Java thread stack sizes (-Xss)
#   Set larger code cache with -XX:ReservedCodeCacheSize=
# This output file may be truncated or incomplete.
#
#  Out of Memory Error (allocation.cpp:390), pid=14220, tid=0x0000000000001394
#
# JRE version: Java(TM) SE Runtime Environment (8.0_172-b11) (build 1.8.0_172-b11)
# Java VM: Java HotSpot(TM) 64-Bit Server VM (25.172-b11 mixed mode windows-amd64 compressed oops)
# Failed to write core dump. Minidumps are not enabled by default on client versions of Windows
#

---------------  T H R E A D  ---------------

Current thread (0x000000001920b800):  JavaThread "C2 CompilerThread0" daemon [_thread_in_native, id=5012, stack(0x0000000019650000,0x0000000019750000)]

Stack: [0x0000000019650000,0x0000000019750000]
[error occurred during error reporting (printing stack bounds), id 0xc0000005]

Native frames: (J=compiled Java code, j=interpreted, Vv=VM code, C=native code)


Current CompileTask:
C2:   8571 1657   !   4       java.io.ObjectOutputStream::writeObject0 (619 bytes)


---------------  P R O C E S S  ---------------

Java Threads: ( => current thread )
  0x000000001a2ee800 JavaThread "Okio Watchdog" daemon [_thread_blocked, id=8792, stack(0x000000001ce60000,0x000000001cf60000)]
  0x000000001a2ec800 JavaThread "OkHttp ConnectionPool" daemon [_thread_blocked, id=16944, stack(0x000000001cd60000,0x000000001ce60000)]
  0x000000001a2f2000 JavaThread "ForkJoinPool.commonPool-worker-2" daemon [_thread_blocked, id=16208, stack(0x000000001c960000,0x000000001ca60000)]
  0x000000001a2ed800 JavaThread "ForkJoinPool.commonPool-worker-1" daemon [_thread_blocked, id=17428, stack(0x000000001c860000,0x000000001c960000)]
  0x000000001a2f1800 JavaThread "Exec Stream Pumper" daemon [_thread_in_native, id=6684, stack(0x000000001b690000,0x000000001b790000)]
  0x000000001a2ec000 JavaThread "Exec Stream Pumper" daemon [_thread_in_native, id=25516, stack(0x000000001b590000,0x000000001b690000)]
  0x000000001a2f0800 JavaThread "Exec Stream Pumper" daemon [_thread_in_native, id=19996, stack(0x000000001b490000,0x000000001b590000)]
  0x000000001a2e8800 JavaThread "Exec Stream Pumper" daemon [_thread_blocked, id=23660, stack(0x000000001b390000,0x000000001b490000)]
  0x000000001a2e7800 JavaThread "Exec Stream Pumper" daemon [_thread_in_native, id=25360, stack(0x000000001b290000,0x000000001b390000)]
  0x000000001a2e7000 JavaThread "Exec Stream Pumper" daemon [_thread_in_native, id=26300, stack(0x000000001b190000,0x000000001b290000)]
  0x000000001a2da000 JavaThread "Exec Default Executor" daemon [_thread_in_native, id=21844, stack(0x000000001ad90000,0x000000001ae90000)]
  0x000000001a2d9800 JavaThread "Exec Default Executor" daemon [_thread_in_native, id=2408, stack(0x000000001ac90000,0x000000001ad90000)]
  0x000000001a2d7000 JavaThread "Exec Default Executor" daemon [_thread_in_native, id=7520, stack(0x000000001ab90000,0x000000001ac90000)]
  0x0000000019e97000 JavaThread "Forwarding newSession on session null to remote" daemon [_thread_in_native, id=1576, stack(0x000000001a890000,0x000000001a990000)]
  0x0000000019f43800 JavaThread "Forwarding newSession on session null to remote" daemon [_thread_in_native, id=3856, stack(0x000000001a790000,0x000000001a890000)]
  0x0000000019f42800 JavaThread "Forwarding newSession on session null to remote" daemon [_thread_in_native, id=25160, stack(0x000000001a690000,0x000000001a790000)]
  0x00000000192af000 JavaThread "Service Thread" daemon [_thread_blocked, id=22832, stack(0x0000000019950000,0x0000000019a50000)]
  0x0000000017b4d000 JavaThread "C1 CompilerThread2" daemon [_thread_blocked, id=22272, stack(0x0000000019850000,0x0000000019950000)]
  0x0000000017b49000 JavaThread "C2 CompilerThread1" daemon [_thread_blocked, id=23760, stack(0x0000000019750000,0x0000000019850000)]
=>0x000000001920b800 JavaThread "C2 CompilerThread0" daemon [_thread_in_native, id=5012, stack(0x0000000019650000,0x0000000019750000)]
  0x000000001918e000 JavaThread "Monitor Ctrl-Break" daemon [_thread_in_native, id=7828, stack(0x0000000019550000,0x0000000019650000)]
  0x0000000017afa000 JavaThread "Attach Listener" daemon [_thread_blocked, id=20860, stack(0x0000000019050000,0x0000000019150000)]
  0x0000000017af8800 JavaThread "Signal Dispatcher" daemon [_thread_blocked, id=18168, stack(0x0000000018f50000,0x0000000019050000)]
  0x0000000002fcc000 JavaThread "Finalizer" daemon [_thread_blocked, id=26612, stack(0x0000000018d50000,0x0000000018e50000)]
  0x0000000002fc3000 JavaThread "Reference Handler" daemon [_thread_blocked, id=10784, stack(0x0000000018c50000,0x0000000018d50000)]
  0x0000000002ed3800 JavaThread "main" [_thread_blocked, id=26384, stack(0x0000000002c50000,0x0000000002d50000)]

Other Threads:
  0x0000000017ab7800 VMThread [stack: 0x0000000018b50000,0x0000000018c50000] [id=8428]
  0x00000000192f3000 WatcherThread [stack: 0x0000000019a50000,0x0000000019b50000] [id=22896]

VM state:not at safepoint (normal execution)

VM Mutex/Monitor currently owned by a thread: None

Heap:
 PSYoungGen      total 38400K, used 32646K [0x00000000d5f80000, 0x00000000d8a00000, 0x0000000100000000)
  eden space 33280K, 82% used [0x00000000d5f80000,0x00000000d7a62d18,0x00000000d8000000)
  from space 5120K, 99% used [0x00000000d8000000,0x00000000d84feca8,0x00000000d8500000)
  to   space 5120K, 0% used [0x00000000d8500000,0x00000000d8500000,0x00000000d8a00000)
 ParOldGen       total 87552K, used 437K [0x0000000081e00000, 0x0000000087380000, 0x00000000d5f80000)
  object space 87552K, 0% used [0x0000000081e00000,0x0000000081e6d6c8,0x0000000087380000)
 Metaspace       used 14333K, capacity 15460K, committed 15744K, reserved 1062912K
  class space    used 1821K, capacity 2102K, committed 2176K, reserved 1048576K

Card table byte_map: [0x0000000012390000,0x0000000012790000] byte_map_base: 0x0000000011f81000

Marking Bits: (ParMarkBitMap*) 0x0000000072d33c10
 Begin Bits: [0x0000000012e40000, 0x0000000014dc8000)
 End Bits:   [0x0000000014dc8000, 0x0000000016d50000)

Polling page: 0x0000000000f10000

CodeCache: size=245760Kb used=5546Kb max_used=5556Kb free=240213Kb
 bounds [0x0000000002fd0000, 0x0000000003550000, 0x0000000011fd0000]
 total_blobs=2029 nmethods=1656 adapters=285
 compilation: enabled

Compilation events (10 events):
Event: 8.475 Thread 0x0000000017b4d000 nmethod 1652 0x0000000003539e50 code [0x0000000003539fc0, 0x000000000353a268]
Event: 8.489 Thread 0x0000000017b49000 1653       4       java.io.ObjectOutputStream$BlockDataOutputStream::drain (45 bytes)
Event: 8.494 Thread 0x0000000017b49000 nmethod 1653 0x000000000353e410 code [0x000000000353e560, 0x000000000353ea08]
Event: 8.506 Thread 0x000000001920b800 1654   !   4       java.net.AbstractPlainSocketImpl::acquireFD (29 bytes)
Event: 8.507 Thread 0x000000001920b800 nmethod 1654 0x000000000353e010 code [0x000000000353e140, 0x000000000353e378]
Event: 8.513 Thread 0x0000000017b49000 1655       4       java.io.ObjectOutputStream$BlockDataOutputStream::writeInt (46 bytes)
Event: 8.520 Thread 0x0000000017b49000 nmethod 1655 0x000000000353dc50 code [0x000000000353dda0, 0x000000000353ded8]
Event: 8.533 Thread 0x0000000017b4d000 1656       1       java.io.OutputStream::flush (1 bytes)
Event: 8.533 Thread 0x0000000017b4d000 nmethod 1656 0x000000000353d990 code [0x000000000353dae0, 0x000000000353dbf0]
Event: 8.565 Thread 0x000000001920b800 1657   !   4       java.io.ObjectOutputStream::writeObject0 (619 bytes)

GC Heap History (2 events):
Event: 1.254 GC heap before
{Heap before GC invocations=1 (full 0):
 PSYoungGen      total 38400K, used 33280K [0x00000000d5f80000, 0x00000000d8a00000, 0x0000000100000000)
  eden space 33280K, 100% used [0x00000000d5f80000,0x00000000d8000000,0x00000000d8000000)
  from space 5120K, 0% used [0x00000000d8500000,0x00000000d8500000,0x00000000d8a00000)
  to   space 5120K, 0% used [0x00000000d8000000,0x00000000d8000000,0x00000000d8500000)
 ParOldGen       total 87552K, used 0K [0x0000000081e00000, 0x0000000087380000, 0x00000000d5f80000)
  object space 87552K, 0% used [0x0000000081e00000,0x0000000081e00000,0x0000000087380000)
 Metaspace       used 10189K, capacity 10542K, committed 10624K, reserved 1058816K
  class space    used 1203K, capacity 1329K, committed 1408K, reserved 1048576K
Event: 1.262 GC heap after
Heap after GC invocations=1 (full 0):
 PSYoungGen      total 38400K, used 5115K [0x00000000d5f80000, 0x00000000d8a00000, 0x0000000100000000)
  eden space 33280K, 0% used [0x00000000d5f80000,0x00000000d5f80000,0x00000000d8000000)
  from space 5120K, 99% used [0x00000000d8000000,0x00000000d84feca8,0x00000000d8500000)
  to   space 5120K, 0% used [0x00000000d8500000,0x00000000d8500000,0x00000000d8a00000)
 ParOldGen       total 87552K, used 437K [0x0000000081e00000, 0x0000000087380000, 0x00000000d5f80000)
  object space 87552K, 0% used [0x0000000081e00000,0x0000000081e6d6c8,0x0000000087380000)
 Metaspace       used 10189K, capacity 10542K, committed 10624K, reserved 1058816K
  class space    used 1203K, capacity 1329K, committed 1408K, reserved 1048576K
}

Deoptimization events (10 events):
Event: 3.092 Thread 0x0000000019f43800 Uncommon trap: reason=class_check action=maybe_recompile pc=0x00000000033ce604 method=java.util.regex.Matcher.search(I)Z @ 86
Event: 3.093 Thread 0x0000000019f43800 Uncommon trap: reason=class_check action=maybe_recompile pc=0x00000000033ce604 method=java.util.regex.Matcher.search(I)Z @ 86
Event: 3.093 Thread 0x0000000019e97000 Uncommon trap: reason=class_check action=maybe_recompile pc=0x00000000033ce604 method=java.util.regex.Matcher.search(I)Z @ 86
Event: 3.093 Thread 0x0000000019e97000 Uncommon trap: reason=class_check action=maybe_recompile pc=0x0000000003363f24 method=java.util.regex.Pattern$Curly.match(Ljava/util/regex/Matcher;ILjava/lang/CharSequence;)Z @ 19
Event: 3.093 Thread 0x0000000019f43800 Uncommon trap: reason=class_check action=maybe_recompile pc=0x0000000003363f24 method=java.util.regex.Pattern$Curly.match(Ljava/util/regex/Matcher;ILjava/lang/CharSequence;)Z @ 19
Event: 3.093 Thread 0x0000000019e97000 Uncommon trap: reason=class_check action=maybe_recompile pc=0x0000000003363f24 method=java.util.regex.Pattern$Curly.match(Ljava/util/regex/Matcher;ILjava/lang/CharSequence;)Z @ 19
Event: 3.093 Thread 0x0000000019f42800 Uncommon trap: reason=class_check action=maybe_recompile pc=0x00000000033ce604 method=java.util.regex.Matcher.search(I)Z @ 86
Event: 3.186 Thread 0x0000000019f43800 Uncommon trap: reason=unstable_if action=reinterpret pc=0x0000000003476ea8 method=java.util.regex.Pattern$BmpCharProperty.match(Ljava/util/regex/Matcher;ILjava/lang/CharSequence;)Z @ 34
Event: 3.186 Thread 0x0000000019e97000 Uncommon trap: reason=unstable_if action=reinterpret pc=0x0000000003476ea8 method=java.util.regex.Pattern$BmpCharProperty.match(Ljava/util/regex/Matcher;ILjava/lang/CharSequence;)Z @ 34
Event: 3.186 Thread 0x0000000019f42800 Uncommon trap: reason=unstable_if action=reinterpret pc=0x0000000003476ea8 method=java.util.regex.Pattern$BmpCharProperty.match(Ljava/util/regex/Matcher;ILjava/lang/CharSequence;)Z @ 34

Classes redefined (0 events):
No events

Internal exceptions (10 events):
Event: 2.898 Thread 0x0000000019f43800 Exception <a 'java/lang/IncompatibleClassChangeError': Found class java.lang.Object, but interface was expected> (0x00000000d6a2d428) thrown at [C:\re\workspace\8-2-build-windows-amd64-cygwin\jdk8u172\10810\hotspot\src\share\vm\interpreter\linkResolver.cp
Event: 2.901 Thread 0x0000000019f43800 Exception <a 'java/lang/NoSuchMethodError': java.lang.Object.lambda$or$2(Ljava/util/function/Predicate;Ljava/lang/Object;)Z> (0x00000000d6a3ce28) thrown at [C:\re\workspace\8-2-build-windows-amd64-cygwin\jdk8u172\10810\hotspot\src\share\vm\interpreter\lin
Event: 2.912 Thread 0x0000000019f43800 Exception <a 'java/lang/ArrayIndexOutOfBoundsException': 18> (0x00000000d6aa9078) thrown at [C:\re\workspace\8-2-build-windows-amd64-cygwin\jdk8u172\10810\hotspot\src\share\vm\interpreter\interpreterRuntime.cpp, line 366]
Event: 2.913 Thread 0x0000000019f43800 Exception <a 'java/lang/ArrayIndexOutOfBoundsException'> (0x00000000d6aab140) thrown at [C:\re\workspace\8-2-build-windows-amd64-cygwin\jdk8u172\10810\hotspot\src\share\vm\runtime\sharedRuntime.cpp, line 605]
Event: 2.915 Thread 0x0000000019f43800 Exception <a 'java/lang/ArrayIndexOutOfBoundsException'> (0x00000000d6aaf768) thrown at [C:\re\workspace\8-2-build-windows-amd64-cygwin\jdk8u172\10810\hotspot\src\share\vm\runtime\sharedRuntime.cpp, line 605]
Event: 2.916 Thread 0x0000000019f43800 Exception <a 'java/lang/ArrayIndexOutOfBoundsException'> (0x00000000d6ab3258) thrown at [C:\re\workspace\8-2-build-windows-amd64-cygwin\jdk8u172\10810\hotspot\src\share\vm\runtime\sharedRuntime.cpp, line 605]
Event: 2.916 Thread 0x0000000019f43800 Exception <a 'java/lang/ArrayIndexOutOfBoundsException'> (0x00000000d6ab44d0) thrown at [C:\re\workspace\8-2-build-windows-amd64-cygwin\jdk8u172\10810\hotspot\src\share\vm\runtime\sharedRuntime.cpp, line 605]
Event: 2.917 Thread 0x0000000019f43800 Exception <a 'java/lang/ArrayIndexOutOfBoundsException'> (0x00000000d6abc638) thrown at [C:\re\workspace\8-2-build-windows-amd64-cygwin\jdk8u172\10810\hotspot\src\share\vm\runtime\sharedRuntime.cpp, line 605]
Event: 2.918 Thread 0x0000000019f43800 Exception <a 'java/lang/ArrayIndexOutOfBoundsException'> (0x00000000d6ac0ef0) thrown at [C:\re\workspace\8-2-build-windows-amd64-cygwin\jdk8u172\10810\hotspot\src\share\vm\runtime\sharedRuntime.cpp, line 605]
Event: 2.982 Thread 0x0000000019e97000 Exception <a 'java/lang/NoSuchMethodError': java.lang.Object.lambda$chars$0()Ljava/util/Spliterator$OfInt;> (0x00000000d6d3da48) thrown at [C:\re\workspace\8-2-build-windows-amd64-cygwin\jdk8u172\10810\hotspot\src\share\vm\interpreter\linkResolver.cpp, li

Events (10 events):
Event: 3.252 loading class okhttp3/internal/http1/Http1Codec$FixedLengthSink
Event: 3.252 loading class okhttp3/internal/http1/Http1Codec$FixedLengthSink done
Event: 3.253 loading class okio/ForwardingTimeout
Event: 3.253 loading class okio/ForwardingTimeout done
Event: 3.253 loading class okio/AsyncTimeout$Watchdog
Event: 3.253 loading class okio/AsyncTimeout$Watchdog done
Event: 3.254 Thread 0x000000001a2ee800 Thread added: 0x000000001a2ee800
Event: 4.271 Executing VM operation: EnableBiasedLocking
Event: 4.271 Executing VM operation: EnableBiasedLocking done
Event: 5.145 Thread 0x000000001a2eb000 Thread exited: 0x000000001a2eb000


Dynamic libraries:
0x00007ff6c10a0000 - 0x00007ff6c10d7000 	C:\Program Files\Java\jdk1.8.0_172\jre\bin\java.exe
0x00007ff8dd090000 - 0x00007ff8dd285000 	C:\WINDOWS\SYSTEM32\ntdll.dll
0x00007ff8dcf90000 - 0x00007ff8dd04d000 	C:\WINDOWS\System32\KERNEL32.DLL
0x00007ff8da7d0000 - 0x00007ff8daa99000 	C:\WINDOWS\System32\KERNELBASE.dll
0x00007ff8dced0000 - 0x00007ff8dcf7c000 	C:\WINDOWS\System32\ADVAPI32.dll
0x00007ff8db9f0000 - 0x00007ff8dba8e000 	C:\WINDOWS\System32\msvcrt.dll
0x00007ff8db720000 - 0x00007ff8db7bc000 	C:\WINDOWS\System32\sechost.dll
0x00007ff8db470000 - 0x00007ff8db59b000 	C:\WINDOWS\System32\RPCRT4.dll
0x00007ff8dba90000 - 0x00007ff8dbc30000 	C:\WINDOWS\System32\USER32.dll
0x00007ff8dab40000 - 0x00007ff8dab62000 	C:\WINDOWS\System32\win32u.dll
0x00007ff8dc380000 - 0x00007ff8dc3aa000 	C:\WINDOWS\System32\GDI32.dll
0x00007ff8dacf0000 - 0x00007ff8dadfb000 	C:\WINDOWS\System32\gdi32full.dll
0x00007ff8daaa0000 - 0x00007ff8dab3d000 	C:\WINDOWS\System32\msvcp_win.dll
0x00007ff8dab70000 - 0x00007ff8dac70000 	C:\WINDOWS\System32\ucrtbase.dll
0x00007ff8cdb20000 - 0x00007ff8cddba000 	C:\WINDOWS\WinSxS\amd64_microsoft.windows.common-controls_6595b64144ccf1df_6.0.19041.844_none_ca00b6081b84eb1d\COMCTL32.dll
0x00007ff8db7c0000 - 0x00007ff8db7f0000 	C:\WINDOWS\System32\IMM32.DLL
0x0000000072dc0000 - 0x0000000072e92000 	C:\Program Files\Java\jdk1.8.0_172\jre\bin\msvcr100.dll
0x0000000072510000 - 0x0000000072db3000 	C:\Program Files\Java\jdk1.8.0_172\jre\bin\server\jvm.dll
0x00007ff8db930000 - 0x00007ff8db938000 	C:\WINDOWS\System32\PSAPI.DLL
0x00007ff8cbb20000 - 0x00007ff8cbb29000 	C:\WINDOWS\SYSTEM32\WSOCK32.dll
0x00007ff8db6b0000 - 0x00007ff8db71b000 	C:\WINDOWS\System32\WS2_32.dll
0x00007ff8ce280000 - 0x00007ff8ce2a7000 	C:\WINDOWS\SYSTEM32\WINMM.dll
0x00007ff8d7c30000 - 0x00007ff8d7c3a000 	C:\WINDOWS\SYSTEM32\VERSION.dll
0x0000000072500000 - 0x000000007250f000 	C:\Program Files\Java\jdk1.8.0_172\jre\bin\verify.dll
0x00000000724d0000 - 0x00000000724f9000 	C:\Program Files\Java\jdk1.8.0_172\jre\bin\java.dll
0x0000000072430000 - 0x0000000072453000 	C:\Program Files\Java\jdk1.8.0_172\jre\bin\instrument.dll
0x0000000072490000 - 0x00000000724a6000 	C:\Program Files\Java\jdk1.8.0_172\jre\bin\zip.dll
0x00007ff8dbc30000 - 0x00007ff8dc372000 	C:\WINDOWS\System32\SHELL32.dll
0x00007ff8d87f0000 - 0x00007ff8d8f80000 	C:\WINDOWS\SYSTEM32\windows.storage.dll
0x00007ff8dc820000 - 0x00007ff8dcb75000 	C:\WINDOWS\System32\combase.dll
0x00007ff8da240000 - 0x00007ff8da26c000 	C:\WINDOWS\SYSTEM32\Wldp.dll
0x00007ff8db940000 - 0x00007ff8db9ee000 	C:\WINDOWS\System32\SHCORE.dll
0x00007ff8dccc0000 - 0x00007ff8dcd15000 	C:\WINDOWS\System32\shlwapi.dll
0x00007ff8da710000 - 0x00007ff8da72f000 	C:\WINDOWS\SYSTEM32\profapi.dll
0x00007ff8d47b0000 - 0x00007ff8d47ca000 	C:\Program Files\JetBrains\IntelliJ IDEA Community Edition 2020.3.2\bin\breakgen64.dll
0x0000000072410000 - 0x000000007242a000 	C:\Program Files\Java\jdk1.8.0_172\jre\bin\net.dll
0x00007ff8d9fc0000 - 0x00007ff8da02a000 	C:\WINDOWS\system32\mswsock.dll
0x0000000072400000 - 0x000000007240d000 	C:\Program Files\Java\jdk1.8.0_172\jre\bin\management.dll
0x00007ff8c63f0000 - 0x00007ff8c6407000 	C:\WINDOWS\system32\napinsp.dll
0x00007ff8c63c0000 - 0x00007ff8c63db000 	C:\WINDOWS\system32\pnrpnsp.dll
0x00007ff8c63a0000 - 0x00007ff8c63b5000 	C:\WINDOWS\system32\wshbth.dll
0x00007ff8d57d0000 - 0x00007ff8d57ed000 	C:\WINDOWS\system32\NLAapi.dll
0x00007ff8d9c60000 - 0x00007ff8d9c9b000 	C:\WINDOWS\SYSTEM32\IPHLPAPI.DLL
0x00007ff8d9cb0000 - 0x00007ff8d9d7b000 	C:\WINDOWS\SYSTEM32\DNSAPI.dll
0x00007ff8dcf80000 - 0x00007ff8dcf88000 	C:\WINDOWS\System32\NSI.dll
0x00007ff8c6110000 - 0x00007ff8c6122000 	C:\WINDOWS\System32\winrnr.dll
0x00007ff8cd1d0000 - 0x00007ff8cd1da000 	C:\Windows\System32\rasadhlp.dll
0x00007ff8cd610000 - 0x00007ff8cd68f000 	C:\WINDOWS\System32\fwpuclnt.dll
0x00007ff8db010000 - 0x00007ff8db037000 	C:\WINDOWS\System32\bcrypt.dll
0x0000000072190000 - 0x00000000721b4000 	C:\Program Files\Java\jdk1.8.0_172\jre\bin\sunec.dll
0x0000000072180000 - 0x000000007218b000 	C:\Program Files\Java\jdk1.8.0_172\jre\bin\sunmscapi.dll
0x00007ff8daeb0000 - 0x00007ff8db00f000 	C:\WINDOWS\System32\CRYPT32.dll
0x00007ff8ce890000 - 0x00007ff8ce8a7000 	C:\WINDOWS\SYSTEM32\dhcpcsvc6.DLL
0x00007ff8d1180000 - 0x00007ff8d119d000 	C:\WINDOWS\SYSTEM32\dhcpcsvc.DLL
0x00000000721c0000 - 0x00000000721d1000 	C:\Program Files\Java\jdk1.8.0_172\jre\bin\nio.dll
0x00007ff8da1a0000 - 0x00007ff8da1b8000 	C:\WINDOWS\SYSTEM32\CRYPTSP.dll
0x00007ff8d98f0000 - 0x00007ff8d9924000 	C:\WINDOWS\system32\rsaenh.dll
0x00007ff8da6d0000 - 0x00007ff8da6fe000 	C:\WINDOWS\SYSTEM32\USERENV.dll
0x00007ff8dac70000 - 0x00007ff8dacf0000 	C:\WINDOWS\System32\bcryptprimitives.dll
0x00007ff8da190000 - 0x00007ff8da19c000 	C:\WINDOWS\SYSTEM32\CRYPTBASE.dll

VM Arguments:
jvm_args: -javaagent:C:\Program Files\JetBrains\IntelliJ IDEA Community Edition 2020.3.2\lib\idea_rt.jar=53941:C:\Program Files\JetBrains\IntelliJ IDEA Community Edition 2020.3.2\bin -Dfile.encoding=UTF-8 -XX:CompileCommandFile=C:\Users\Mungai\AppData\Local\Temp\jmh4628431133071721116compilecommand 
java_command: org.openjdk.jmh.runner.ForkedMain 127.0.0.1 54215
java_class_path (initial): C:\Program Files\Java\jdk1.8.0_172\jre\lib\charsets.jar;C:\Program Files\Java\jdk1.8.0_172\jre\lib\deploy.jar;C:\Program Files\Java\jdk1.8.0_172\jre\lib\ext\access-bridge-64.jar;C:\Program Files\Java\jdk1.8.0_172\jre\lib\ext\cldrdata.jar;C:\Program Files\Java\jdk1.8.0_172\jre\lib\ext\dnsns.jar;C:\Program Files\Java\jdk1.8.0_172\jre\lib\ext\jaccess.jar;C:\Program Files\Java\jdk1.8.0_172\jre\lib\ext\jfxrt.jar;C:\Program Files\Java\jdk1.8.0_172\jre\lib\ext\localedata.jar;C:\Program Files\Java\jdk1.8.0_172\jre\lib\ext\nashorn.jar;C:\Program Files\Java\jdk1.8.0_172\jre\lib\ext\sunec.jar;C:\Program Files\Java\jdk1.8.0_172\jre\lib\ext\sunjce_provider.jar;C:\Program Files\Java\jdk1.8.0_172\jre\lib\ext\sunmscapi.jar;C:\Program Files\Java\jdk1.8.0_172\jre\lib\ext\sunpkcs11.jar;C:\Program Files\Java\jdk1.8.0_172\jre\lib\ext\zipfs.jar;C:\Program Files\Java\jdk1.8.0_172\jre\lib\javaws.jar;C:\Program Files\Java\jdk1.8.0_172\jre\lib\jce.jar;C:\Program Files\Java\jdk1.8.0_172\jre\lib\jfr.jar;C:\Program Files\Java\jdk1.8.0_172\jre\lib\jfxswt.jar;C:\Program Files\Java\jdk1.8.0_172\jre\lib\jsse.jar;C:\Program Files\Java\jdk1.8.0_172\jre\lib\management-agent.jar;C:\Program Files\Java\jdk1.8.0_172\jre\lib\plugin.jar;C:\Program Files\Java\jdk1.8.0_172\jre\lib\resources.jar;C:\Program Files\Java\jdk1.8.0_172\jre\lib\rt.jar;C:\Users\Mungai\IdeaProjects\Britam-FAP\target\classes;D:\Software\selenium-java-3.141.59\client-combined-3.141.59.jar;D:\Software\selenium-java-3.141.59\libs\byte-buddy-1.8.15.jar;D:\Software\selenium-java-3.141.59\libs\commons-exec-1.3.jar;D:\Software\selenium-java-3.141.59\libs\guava-25.0-jre.jar;D:\Software\selenium-java-3.141.59\libs\okhttp-3.11.0.jar;D:\Software\selenium-java-3.141.59\libs\okio-1.14.0.jar;C:\Users\Mungai\.m2\repository\org\openjdk\jmh\jmh-core\1.28\jmh-core-1.28.jar;C:\Users\Mungai\.m2\repository\net\sf\jopt-simple\jopt-simple\4.6\jopt-simple-4.6.jar;C:\Users\Mungai\.m2\repository\org\apache\commons\commons-math3\3.2\c
Launcher Type: SUN_STANDARD

Environment Variables:
PATH=C:\Program Files (x86)\Common Files\Oracle\Java\javapath;C:\WINDOWS\system32;C:\WINDOWS;C:\WINDOWS\System32\Wbem;C:\WINDOWS\System32\WindowsPowerShell\v1.0\;C:\Python37;C:\Python37\Scripts\;C:\Program Files (x86)\Calibre2\;C:\WINDOWS\System32\OpenSSH\;C:\Users\Mungai\AppData\Local\Microsoft\WindowsApps;C:\Users\Mungai\AppData\Local\GitHubDesktop\bin;C:\Program Files\heroku\bin;%USERPROFILE%\AppData\Local\Microsoft\WindowsApps;
USERNAME=Mungai
OS=Windows_NT
PROCESSOR_IDENTIFIER=Intel64 Family 6 Model 142 Stepping 9, GenuineIntel



---------------  S Y S T E M  ---------------

OS: Windows 10.0 , 64 bit Build 19041 (10.0.19041.804)

CPU:total 4 (initial active 4) (2 cores per cpu, 2 threads per core) family 6 model 142 stepping 9, cmov, cx8, fxsr, mmx, sse, sse2, sse3, ssse3, sse4.1, sse4.2, popcnt, avx, avx2, aes, clmul, erms, 3dnowpref, lzcnt, ht, tsc, tscinvbit, bmi1, bmi2, adx

Memory: 4k page, physical 8258212k(836380k free), swap 15874208k(4552k free)

vm_info: Java HotSpot(TM) 64-Bit Server VM (25.172-b11) for windows-amd64 JRE (1.8.0_172-b11), built on Mar 28 2018 21:21:52 by "java_re" with MS VC++ 10.0 (VS2010)

time: Fri Mar 12 14:30:33 2021
elapsed time: 8 seconds (0d 0h 0m 8s)

