#
# There is insufficient memory for the Java Runtime Environment to continue.
# Native memory allocation (malloc) failed to allocate 49584 bytes for Chunk::new
# Possible reasons:
#   The system is out of physical RAM or swap space
#   In 32 bit mode, the process size limit was hit
# Possible solutions:
#   Reduce memory load on the system
#   Increase physical memory or swap space
#   Check if swap backing store is full
#   Use 64 bit Java on a 64 bit OS
#   Decrease Java heap size (-Xmx/-Xms)
#   Decrease number of Java threads
#   Decrease Java thread stack sizes (-Xss)
#   Set larger code cache with -XX:ReservedCodeCacheSize=
# This output file may be truncated or incomplete.
#
#  Out of Memory Error (allocation.cpp:390), pid=23684, tid=0x0000000000000b24
#
# JRE version: Java(TM) SE Runtime Environment (8.0_172-b11) (build 1.8.0_172-b11)
# Java VM: Java HotSpot(TM) 64-Bit Server VM (25.172-b11 mixed mode windows-amd64 compressed oops)
# Failed to write core dump. Minidumps are not enabled by default on client versions of Windows
#

---------------  T H R E A D  ---------------

Current thread (0x0000000018b90800):  JavaThread "C2 CompilerThread1" daemon [_thread_in_native, id=2852, stack(0x00000000190d0000,0x00000000191d0000)]

Stack: [0x00000000190d0000,0x00000000191d0000]
[error occurred during error reporting (printing stack bounds), id 0xc0000005]

Native frames: (J=compiled Java code, j=interpreted, Vv=VM code, C=native code)


Current CompileTask:
C2:  38017  696   !   4       java.io.PrintStream::write (69 bytes)


---------------  P R O C E S S  ---------------

Java Threads: ( => current thread )
  0x0000000018dba000 JavaThread "Thread-11" [_thread_in_native, id=23512, stack(0x0000000019b10000,0x0000000019c10000)]
  0x0000000019d4b800 JavaThread "Thread-10" [_thread_in_native, id=4300, stack(0x0000000019a10000,0x0000000019b10000)]
  0x0000000018d33000 JavaThread "Thread-9" [_thread_in_native, id=11220, stack(0x0000000019910000,0x0000000019a10000)]
  0x0000000018e34000 JavaThread "Thread-8" [_thread_in_native, id=10944, stack(0x00000000194d0000,0x00000000195d0000)]
  0x0000000018c2a000 JavaThread "Service Thread" daemon [_thread_blocked, id=14688, stack(0x00000000192d0000,0x00000000193d0000)]
  0x0000000018b9a000 JavaThread "C1 CompilerThread2" daemon [_thread_blocked, id=10732, stack(0x00000000191d0000,0x00000000192d0000)]
=>0x0000000018b90800 JavaThread "C2 CompilerThread1" daemon [_thread_in_native, id=2852, stack(0x00000000190d0000,0x00000000191d0000)]
  0x0000000018b8f800 JavaThread "C2 CompilerThread0" daemon [_thread_in_native, id=3912, stack(0x0000000018fd0000,0x00000000190d0000)]
  0x0000000018b2b800 JavaThread "Monitor Ctrl-Break" daemon [_thread_in_native, id=11516, stack(0x0000000018ed0000,0x0000000018fd0000)]
  0x000000001747d800 JavaThread "Attach Listener" daemon [_thread_blocked, id=13064, stack(0x00000000189d0000,0x0000000018ad0000)]
  0x000000001747c000 JavaThread "Signal Dispatcher" daemon [_thread_blocked, id=3680, stack(0x00000000188d0000,0x00000000189d0000)]
  0x000000000295c000 JavaThread "Finalizer" daemon [_thread_blocked, id=21600, stack(0x00000000186d0000,0x00000000187d0000)]
  0x0000000002953000 JavaThread "Reference Handler" daemon [_thread_blocked, id=15884, stack(0x00000000185d0000,0x00000000186d0000)]
  0x0000000002863800 JavaThread "main" [_thread_in_native, id=5524, stack(0x0000000002620000,0x0000000002720000)]

Other Threads:
  0x0000000017447800 VMThread [stack: 0x00000000184d0000,0x00000000185d0000] [id=5592]
  0x0000000018c73800 WatcherThread [stack: 0x00000000193d0000,0x00000000194d0000] [id=11628]

VM state:not at safepoint (normal execution)

VM Mutex/Monitor currently owned by a thread: None

Heap:
 PSYoungGen      total 38400K, used 22171K [0x00000000d5f80000, 0x00000000d8a00000, 0x0000000100000000)
  eden space 33280K, 66% used [0x00000000d5f80000,0x00000000d7526da8,0x00000000d8000000)
  from space 5120K, 0% used [0x00000000d8500000,0x00000000d8500000,0x00000000d8a00000)
  to   space 5120K, 0% used [0x00000000d8000000,0x00000000d8000000,0x00000000d8500000)
 ParOldGen       total 87552K, used 0K [0x0000000081e00000, 0x0000000087380000, 0x00000000d5f80000)
  object space 87552K, 0% used [0x0000000081e00000,0x0000000081e00000,0x0000000087380000)
 Metaspace       used 7237K, capacity 7452K, committed 7680K, reserved 1056768K
  class space    used 815K, capacity 924K, committed 1024K, reserved 1048576K

Card table byte_map: [0x0000000011d20000,0x0000000012120000] byte_map_base: 0x0000000011911000

Marking Bits: (ParMarkBitMap*) 0x0000000072d33c10
 Begin Bits: [0x00000000127d0000, 0x0000000014758000)
 End Bits:   [0x0000000014758000, 0x00000000166e0000)

Polling page: 0x0000000000c30000

CodeCache: size=245760Kb used=2767Kb max_used=2780Kb free=242992Kb
 bounds [0x0000000002960000, 0x0000000002c20000, 0x0000000011960000]
 total_blobs=1019 nmethods=695 adapters=237
 compilation: enabled

Compilation events (10 events):
Event: 32.820 Thread 0x0000000018b9a000  692       3       java.io.ObjectInputStream::readShort (8 bytes)
Event: 32.820 Thread 0x0000000018b9a000 nmethod 692 0x0000000002c13350 code [0x0000000002c134c0, 0x0000000002c13668]
Event: 37.916 Thread 0x0000000018b90800  693  s    4       java.io.BufferedInputStream::read (113 bytes)
Event: 37.918 Thread 0x0000000018b9a000  694   !   3       java.io.ObjectInputStream$BlockDataInputStream::refill (136 bytes)
Event: 37.919 Thread 0x0000000018b9a000 nmethod 694 0x0000000002c13710 code [0x0000000002c138c0, 0x0000000002c13de8]
Event: 37.942 Thread 0x0000000018b90800 nmethod 693 0x0000000002c17890 code [0x0000000002c17a40, 0x0000000002c18660]
Event: 37.978 Thread 0x0000000018b8f800  695  s    4       java.io.BufferedOutputStream::write (67 bytes)
Event: 37.984 Thread 0x0000000018b8f800 nmethod 695 0x0000000002c18d90 code [0x0000000002c18f00, 0x0000000002c194d8]
Event: 38.007 Thread 0x0000000018b90800  696   !   4       java.io.PrintStream::write (69 bytes)
Event: 38.009 Thread 0x0000000018b8f800  697       4       java.io.ObjectInputStream::readArray (453 bytes)

GC Heap History (0 events):
No events

Deoptimization events (4 events):
Event: 0.434 Thread 0x0000000002863800 Uncommon trap: reason=unstable_if action=reinterpret pc=0x0000000002ad30ac method=java.lang.String.indexOf([CII[CIII)I @ 3
Event: 13.116 Thread 0x0000000018e34000 Uncommon trap: reason=unstable_if action=reinterpret pc=0x0000000002bcffa0 method=java.io.ObjectInputStream$PeekInputStream.peek()I @ 32
Event: 14.306 Thread 0x0000000018e30000 Uncommon trap: reason=unstable_if action=reinterpret pc=0x0000000002bd899c method=java.io.ObjectInputStream$BlockDataInputStream.readInt()I @ 4
Event: 29.379 Thread 0x0000000018e2f800 Uncommon trap: reason=unstable_if action=reinterpret pc=0x0000000002bd5538 method=java.io.BufferedInputStream.read([BII)I @ 56

Classes redefined (0 events):
No events

Internal exceptions (10 events):
Event: 0.340 Thread 0x0000000002863800 Exception <a 'java/security/PrivilegedActionException'> (0x00000000d63ae0d0) thrown at [C:\re\workspace\8-2-build-windows-amd64-cygwin\jdk8u172\10810\hotspot\src\share\vm\prims\jvm.cpp, line 1435]
Event: 0.340 Thread 0x0000000002863800 Exception <a 'java/security/PrivilegedActionException'> (0x00000000d63ae2e0) thrown at [C:\re\workspace\8-2-build-windows-amd64-cygwin\jdk8u172\10810\hotspot\src\share\vm\prims\jvm.cpp, line 1435]
Event: 0.341 Thread 0x0000000002863800 Exception <a 'java/security/PrivilegedActionException'> (0x00000000d63b21f0) thrown at [C:\re\workspace\8-2-build-windows-amd64-cygwin\jdk8u172\10810\hotspot\src\share\vm\prims\jvm.cpp, line 1435]
Event: 0.341 Thread 0x0000000002863800 Exception <a 'java/security/PrivilegedActionException'> (0x00000000d63b2400) thrown at [C:\re\workspace\8-2-build-windows-amd64-cygwin\jdk8u172\10810\hotspot\src\share\vm\prims\jvm.cpp, line 1435]
Event: 1.691 Thread 0x0000000018e34000 Exception <a 'java/lang/NoSuchFieldError': method resolution failed> (0x00000000d6c78138) thrown at [C:\re\workspace\8-2-build-windows-amd64-cygwin\jdk8u172\10810\hotspot\src\share\vm\prims\methodHandles.cpp, line 1167]
Event: 1.693 Thread 0x0000000018e34000 Exception <a 'java/lang/NoSuchFieldError': method resolution failed> (0x00000000d6c85cf8) thrown at [C:\re\workspace\8-2-build-windows-amd64-cygwin\jdk8u172\10810\hotspot\src\share\vm\prims\methodHandles.cpp, line 1167]
Event: 1.792 Thread 0x0000000018e34000 Exception <a 'java/lang/NoSuchMethodError': <clinit>> (0x00000000d6daea18) thrown at [C:\re\workspace\8-2-build-windows-amd64-cygwin\jdk8u172\10810\hotspot\src\share\vm\prims\jni.cpp, line 1613]
Event: 1.861 Thread 0x0000000018e34000 Exception <a 'java/lang/NoSuchMethodError': <clinit>> (0x00000000d6eca060) thrown at [C:\re\workspace\8-2-build-windows-amd64-cygwin\jdk8u172\10810\hotspot\src\share\vm\prims\jni.cpp, line 1613]
Event: 13.632 Thread 0x0000000018d33000 Exception <a 'java/net/SocketException': socket closed> (0x00000000d658f548) thrown at [C:\re\workspace\8-2-build-windows-amd64-cygwin\jdk8u172\10810\hotspot\src\share\vm\prims\jni.cpp, line 735]
Event: 29.397 Thread 0x0000000018e34000 Exception <a 'java/net/SocketException': socket closed> (0x00000000d6fe39f0) thrown at [C:\re\workspace\8-2-build-windows-amd64-cygwin\jdk8u172\10810\hotspot\src\share\vm\prims\jni.cpp, line 735]

Events (10 events):
Event: 29.398 Executing VM operation: RevokeBias done
Event: 29.398 Executing VM operation: RevokeBias
Event: 29.398 Executing VM operation: RevokeBias done
Event: 29.406 Thread 0x0000000018d33000 Thread added: 0x0000000018d33000
Event: 29.406 Thread 0x0000000019d4b800 Thread added: 0x0000000019d4b800
Event: 29.712 Thread 0x0000000018dba000 Thread added: 0x0000000018dba000
Event: 29.712 Executing VM operation: RevokeBias
Event: 29.712 Executing VM operation: RevokeBias done
Event: 29.879 Executing VM operation: RevokeBias
Event: 29.879 Executing VM operation: RevokeBias done


Dynamic libraries:
0x00007ff6fb720000 - 0x00007ff6fb757000 	C:\Program Files\Java\jdk1.8.0_172\bin\java.exe
0x00007ff8dd090000 - 0x00007ff8dd285000 	C:\WINDOWS\SYSTEM32\ntdll.dll
0x00007ff8dcf90000 - 0x00007ff8dd04d000 	C:\WINDOWS\System32\KERNEL32.DLL
0x00007ff8da7d0000 - 0x00007ff8daa99000 	C:\WINDOWS\System32\KERNELBASE.dll
0x00007ff8dced0000 - 0x00007ff8dcf7c000 	C:\WINDOWS\System32\ADVAPI32.dll
0x00007ff8db9f0000 - 0x00007ff8dba8e000 	C:\WINDOWS\System32\msvcrt.dll
0x00007ff8db720000 - 0x00007ff8db7bc000 	C:\WINDOWS\System32\sechost.dll
0x00007ff8db470000 - 0x00007ff8db59b000 	C:\WINDOWS\System32\RPCRT4.dll
0x00007ff8dba90000 - 0x00007ff8dbc30000 	C:\WINDOWS\System32\USER32.dll
0x00007ff8dab40000 - 0x00007ff8dab62000 	C:\WINDOWS\System32\win32u.dll
0x00007ff8dc380000 - 0x00007ff8dc3aa000 	C:\WINDOWS\System32\GDI32.dll
0x00007ff8dacf0000 - 0x00007ff8dadfb000 	C:\WINDOWS\System32\gdi32full.dll
0x00007ff8daaa0000 - 0x00007ff8dab3d000 	C:\WINDOWS\System32\msvcp_win.dll
0x00007ff8dab70000 - 0x00007ff8dac70000 	C:\WINDOWS\System32\ucrtbase.dll
0x00007ff8cdb20000 - 0x00007ff8cddba000 	C:\WINDOWS\WinSxS\amd64_microsoft.windows.common-controls_6595b64144ccf1df_6.0.19041.844_none_ca00b6081b84eb1d\COMCTL32.dll
0x00007ff8db7c0000 - 0x00007ff8db7f0000 	C:\WINDOWS\System32\IMM32.DLL
0x0000000072dc0000 - 0x0000000072e92000 	C:\Program Files\Java\jdk1.8.0_172\jre\bin\msvcr100.dll
0x0000000072510000 - 0x0000000072db3000 	C:\Program Files\Java\jdk1.8.0_172\jre\bin\server\jvm.dll
0x00007ff8db930000 - 0x00007ff8db938000 	C:\WINDOWS\System32\PSAPI.DLL
0x00007ff8ce280000 - 0x00007ff8ce2a7000 	C:\WINDOWS\SYSTEM32\WINMM.dll
0x00007ff8d7c30000 - 0x00007ff8d7c3a000 	C:\WINDOWS\SYSTEM32\VERSION.dll
0x00007ff8cbb20000 - 0x00007ff8cbb29000 	C:\WINDOWS\SYSTEM32\WSOCK32.dll
0x00007ff8db6b0000 - 0x00007ff8db71b000 	C:\WINDOWS\System32\WS2_32.dll
0x0000000072500000 - 0x000000007250f000 	C:\Program Files\Java\jdk1.8.0_172\jre\bin\verify.dll
0x00000000724d0000 - 0x00000000724f9000 	C:\Program Files\Java\jdk1.8.0_172\jre\bin\java.dll
0x0000000072430000 - 0x0000000072453000 	C:\Program Files\Java\jdk1.8.0_172\jre\bin\instrument.dll
0x0000000072490000 - 0x00000000724a6000 	C:\Program Files\Java\jdk1.8.0_172\jre\bin\zip.dll
0x00007ff8dbc30000 - 0x00007ff8dc372000 	C:\WINDOWS\System32\SHELL32.dll
0x00007ff8d87f0000 - 0x00007ff8d8f80000 	C:\WINDOWS\SYSTEM32\windows.storage.dll
0x00007ff8dc820000 - 0x00007ff8dcb75000 	C:\WINDOWS\System32\combase.dll
0x00007ff8da240000 - 0x00007ff8da26c000 	C:\WINDOWS\SYSTEM32\Wldp.dll
0x00007ff8db940000 - 0x00007ff8db9ee000 	C:\WINDOWS\System32\SHCORE.dll
0x00007ff8dccc0000 - 0x00007ff8dcd15000 	C:\WINDOWS\System32\shlwapi.dll
0x00007ff8da710000 - 0x00007ff8da72f000 	C:\WINDOWS\SYSTEM32\profapi.dll
0x00007ff8d47b0000 - 0x00007ff8d47ca000 	C:\Program Files\JetBrains\IntelliJ IDEA Community Edition 2020.3.2\bin\breakgen64.dll
0x0000000072410000 - 0x000000007242a000 	C:\Program Files\Java\jdk1.8.0_172\jre\bin\net.dll
0x00007ff8d9fc0000 - 0x00007ff8da02a000 	C:\WINDOWS\system32\mswsock.dll
0x00000000721c0000 - 0x00000000721d1000 	C:\Program Files\Java\jdk1.8.0_172\jre\bin\nio.dll
0x0000000072400000 - 0x000000007240d000 	C:\Program Files\Java\jdk1.8.0_172\jre\bin\management.dll
0x00007ff8da1a0000 - 0x00007ff8da1b8000 	C:\WINDOWS\SYSTEM32\CRYPTSP.dll
0x00007ff8d98f0000 - 0x00007ff8d9924000 	C:\WINDOWS\system32\rsaenh.dll
0x00007ff8db010000 - 0x00007ff8db037000 	C:\WINDOWS\System32\bcrypt.dll
0x00007ff8da6d0000 - 0x00007ff8da6fe000 	C:\WINDOWS\SYSTEM32\USERENV.dll
0x00007ff8dac70000 - 0x00007ff8dacf0000 	C:\WINDOWS\System32\bcryptprimitives.dll
0x00007ff8da190000 - 0x00007ff8da19c000 	C:\WINDOWS\SYSTEM32\CRYPTBASE.dll
0x00007ff8d9c60000 - 0x00007ff8d9c9b000 	C:\WINDOWS\SYSTEM32\IPHLPAPI.DLL
0x00007ff8dcf80000 - 0x00007ff8dcf88000 	C:\WINDOWS\System32\NSI.dll
0x00007ff8ce890000 - 0x00007ff8ce8a7000 	C:\WINDOWS\SYSTEM32\dhcpcsvc6.DLL
0x00007ff8d1180000 - 0x00007ff8d119d000 	C:\WINDOWS\SYSTEM32\dhcpcsvc.DLL
0x00007ff8d9cb0000 - 0x00007ff8d9d7b000 	C:\WINDOWS\SYSTEM32\DNSAPI.dll

VM Arguments:
jvm_args: -javaagent:C:\Program Files\JetBrains\IntelliJ IDEA Community Edition 2020.3.2\lib\idea_rt.jar=53941:C:\Program Files\JetBrains\IntelliJ IDEA Community Edition 2020.3.2\bin -Dfile.encoding=UTF-8 
java_command: executables.BenchmarkRunnerClass
java_class_path (initial): C:\Program Files\Java\jdk1.8.0_172\jre\lib\charsets.jar;C:\Program Files\Java\jdk1.8.0_172\jre\lib\deploy.jar;C:\Program Files\Java\jdk1.8.0_172\jre\lib\ext\access-bridge-64.jar;C:\Program Files\Java\jdk1.8.0_172\jre\lib\ext\cldrdata.jar;C:\Program Files\Java\jdk1.8.0_172\jre\lib\ext\dnsns.jar;C:\Program Files\Java\jdk1.8.0_172\jre\lib\ext\jaccess.jar;C:\Program Files\Java\jdk1.8.0_172\jre\lib\ext\jfxrt.jar;C:\Program Files\Java\jdk1.8.0_172\jre\lib\ext\localedata.jar;C:\Program Files\Java\jdk1.8.0_172\jre\lib\ext\nashorn.jar;C:\Program Files\Java\jdk1.8.0_172\jre\lib\ext\sunec.jar;C:\Program Files\Java\jdk1.8.0_172\jre\lib\ext\sunjce_provider.jar;C:\Program Files\Java\jdk1.8.0_172\jre\lib\ext\sunmscapi.jar;C:\Program Files\Java\jdk1.8.0_172\jre\lib\ext\sunpkcs11.jar;C:\Program Files\Java\jdk1.8.0_172\jre\lib\ext\zipfs.jar;C:\Program Files\Java\jdk1.8.0_172\jre\lib\javaws.jar;C:\Program Files\Java\jdk1.8.0_172\jre\lib\jce.jar;C:\Program Files\Java\jdk1.8.0_172\jre\lib\jfr.jar;C:\Program Files\Java\jdk1.8.0_172\jre\lib\jfxswt.jar;C:\Program Files\Java\jdk1.8.0_172\jre\lib\jsse.jar;C:\Program Files\Java\jdk1.8.0_172\jre\lib\management-agent.jar;C:\Program Files\Java\jdk1.8.0_172\jre\lib\plugin.jar;C:\Program Files\Java\jdk1.8.0_172\jre\lib\resources.jar;C:\Program Files\Java\jdk1.8.0_172\jre\lib\rt.jar;C:\Users\Mungai\IdeaProjects\Britam-FAP\target\classes;D:\Software\selenium-java-3.141.59\client-combined-3.141.59.jar;D:\Software\selenium-java-3.141.59\libs\byte-buddy-1.8.15.jar;D:\Software\selenium-java-3.141.59\libs\commons-exec-1.3.jar;D:\Software\selenium-java-3.141.59\libs\guava-25.0-jre.jar;D:\Software\selenium-java-3.141.59\libs\okhttp-3.11.0.jar;D:\Software\selenium-java-3.141.59\libs\okio-1.14.0.jar;C:\Users\Mungai\.m2\repository\org\openjdk\jmh\jmh-core\1.28\jmh-core-1.28.jar;C:\Users\Mungai\.m2\repository\net\sf\jopt-simple\jopt-simple\4.6\jopt-simple-4.6.jar;C:\Users\Mungai\.m2\repository\org\apache\commons\commons-math3\3.2\c
Launcher Type: SUN_STANDARD

Environment Variables:
PATH=C:\Program Files (x86)\Common Files\Oracle\Java\javapath;C:\WINDOWS\system32;C:\WINDOWS;C:\WINDOWS\System32\Wbem;C:\WINDOWS\System32\WindowsPowerShell\v1.0\;C:\Python37;C:\Python37\Scripts\;C:\Program Files (x86)\Calibre2\;C:\WINDOWS\System32\OpenSSH\;C:\Users\Mungai\AppData\Local\Microsoft\WindowsApps;C:\Users\Mungai\AppData\Local\GitHubDesktop\bin;C:\Program Files\heroku\bin;%USERPROFILE%\AppData\Local\Microsoft\WindowsApps;
USERNAME=Mungai
OS=Windows_NT
PROCESSOR_IDENTIFIER=Intel64 Family 6 Model 142 Stepping 9, GenuineIntel



---------------  S Y S T E M  ---------------

OS: Windows 10.0 , 64 bit Build 19041 (10.0.19041.804)

CPU:total 4 (initial active 4) (2 cores per cpu, 2 threads per core) family 6 model 142 stepping 9, cmov, cx8, fxsr, mmx, sse, sse2, sse3, ssse3, sse4.1, sse4.2, popcnt, avx, avx2, aes, clmul, erms, 3dnowpref, lzcnt, ht, tsc, tscinvbit, bmi1, bmi2, adx

Memory: 4k page, physical 8258212k(836756k free), swap 15874208k(4552k free)

vm_info: Java HotSpot(TM) 64-Bit Server VM (25.172-b11) for windows-amd64 JRE (1.8.0_172-b11), built on Mar 28 2018 21:21:52 by "java_re" with MS VC++ 10.0 (VS2010)

time: Fri Mar 12 14:30:33 2021
elapsed time: 38 seconds (0d 0h 0m 38s)

